[2016-11-28 21:01:13,634] INFO_2  : Loaded plugins: blacklist, fastestmirror, whiteout
[2016-11-28 21:01:13,634] INFO_2  : No plugin match for: pidplugin
[2016-11-28 21:01:13,637] DEBUG   : Config time: 0.083
[2016-11-28 21:01:15,072] DEBUG   : repo time: 1.421
[2016-11-28 21:01:15,085] DEBUG   : Setting up Package Sacks
[2016-11-28 21:01:15,229] DEBUG   : rpmdb time: 0.000
[2016-11-28 21:01:15,305] DEBUG   : pkgsack time: 0.220
[2016-11-28 21:01:15,306] INFO_2  : Determining fastest mirrors
[2016-11-28 21:01:15,536] DEBUG   : group time: 0.230
[2016-11-28 21:01:15,539] INFO_2  : Loading mirror speeds from cached hostfile
[2016-11-28 21:01:15,696] DEBUG   : group time: 0.157
[2016-11-28 21:02:45,530] INFO_2  : Loading mirror speeds from cached hostfile
[2016-11-28 21:02:45,712] DEBUG   : group time: 0.183
[2016-11-28 21:02:45,773] DEBUG   : Obs Init time: 0.057
[2016-11-28 21:02:46,046] CRITICAL: Warning: Group remote-desktop-clients does not have any packages.
[2016-11-28 21:02:46,057] CRITICAL: Warning: Group server-policy does not have any packages.
[2016-11-28 21:02:46,058] CRITICAL: Warning: Group workstation-policy does not have any packages.
[2016-11-28 21:08:16,849] DEBUG   : Building updates object
[2016-11-28 21:08:17,013] DEBUG   : up:simple updates time: 0.043
[2016-11-28 21:08:17,015] DEBUG   : up:obs time: 0.002
[2016-11-28 21:08:17,016] DEBUG   : up:condense time: 0.000
[2016-11-28 21:08:17,016] DEBUG   : updates time: 0.166
[2016-11-28 21:10:55,753] DEBUG   : TSINFO: Marking abrt-libs-2.0.8-21.el6.centos.x86_64 as install for abrt-addon-ccpp-2.0.8-21.el6.centos.x86_64
[2016-11-28 21:10:55,754] DEBUG   : TSINFO: Marking abrt-2.0.8-21.el6.centos.x86_64 as install for abrt-addon-ccpp-2.0.8-21.el6.centos.x86_64
[2016-11-28 21:10:55,759] DEBUG   : TSINFO: Marking elfutils-libs-0.152-1.el6.x86_64 as install for abrt-addon-ccpp-2.0.8-21.el6.centos.x86_64
[2016-11-28 21:10:55,763] DEBUG   : TSINFO: Marking elfutils-libelf-0.152-1.el6.x86_64 as install for abrt-addon-ccpp-2.0.8-21.el6.centos.x86_64
[2016-11-28 21:10:55,765] DEBUG   : TSINFO: Marking python-2.6.6-51.el6.x86_64 as install for abrt-addon-ccpp-2.0.8-21.el6.centos.x86_64
[2016-11-28 21:10:55,768] DEBUG   : TSINFO: Marking libreport-2.0.9-19.el6.centos.x86_64 as install for abrt-addon-ccpp-2.0.8-21.el6.centos.x86_64
[2016-11-28 21:10:55,770] DEBUG   : TSINFO: Marking nspr-4.10.0-1.el6.x86_64 as install for abrt-addon-ccpp-2.0.8-21.el6.centos.x86_64
[2016-11-28 21:10:55,771] DEBUG   : Quick matched nspr-4.10.0-1.el6.x86_64 to require for libplc4.so()(64bit)
[2016-11-28 21:10:55,773] DEBUG   : TSINFO: Marking nss-util-3.15.1-3.el6.x86_64 as install for abrt-addon-ccpp-2.0.8-21.el6.centos.x86_64
[2016-11-28 21:10:55,775] DEBUG   : TSINFO: Marking glib2-2.26.1-3.el6.x86_64 as install for abrt-addon-ccpp-2.0.8-21.el6.centos.x86_64
[2016-11-28 21:10:55,776] DEBUG   : TSINFO: Marking btparser-0.17-2.el6.x86_64 as install for abrt-addon-ccpp-2.0.8-21.el6.centos.x86_64
[2016-11-28 21:10:55,780] DEBUG   : TSINFO: Marking libreport-plugin-kerneloops-2.0.9-19.el6.centos.x86_64 as install for abrt-addon-kerneloops-2.0.8-21.el6.centos.x86_64
[2016-11-28 21:10:55,781] DEBUG   : TSINFO: Marking curl-7.19.7-37.el6_4.x86_64 as install for abrt-addon-kerneloops-2.0.8-21.el6.centos.x86_64
[2016-11-28 21:10:55,786] DEBUG   : TSINFO: Marking libreport-plugin-rhtsupport-2.0.9-19.el6.centos.x86_64 as install for abrt-cli-2.0.8-21.el6.centos.x86_64
[2016-11-28 21:10:55,787] DEBUG   : TSINFO: Marking libreport-plugin-mailx-2.0.9-19.el6.centos.x86_64 as install for abrt-cli-2.0.8-21.el6.centos.x86_64
[2016-11-28 21:10:55,788] DEBUG   : TSINFO: Marking libreport-plugin-logger-2.0.9-19.el6.centos.x86_64 as install for abrt-cli-2.0.8-21.el6.centos.x86_64
[2016-11-28 21:10:55,789] DEBUG   : TSINFO: Marking libreport-cli-2.0.9-19.el6.centos.x86_64 as install for abrt-cli-2.0.8-21.el6.centos.x86_64
[2016-11-28 21:10:55,790] DEBUG   : TSINFO: Marking abrt-tui-2.0.8-21.el6.centos.x86_64 as install for abrt-cli-2.0.8-21.el6.centos.x86_64
[2016-11-28 21:10:55,795] DEBUG   : TSINFO: Marking libacl-2.2.49-6.el6.x86_64 as install for acl-2.2.49-6.el6.x86_64
[2016-11-28 21:10:55,795] DEBUG   : Quick matched libacl-2.2.49-6.el6.x86_64 to require for libacl.so.1(ACL_1.0)(64bit)
[2016-11-28 21:10:55,797] DEBUG   : TSINFO: Marking libattr-2.4.44-7.el6.x86_64 as install for acl-2.2.49-6.el6.x86_64
[2016-11-28 21:10:55,801] DEBUG   : TSINFO: Marking udev-147-2.51.el6.x86_64 as install for aic94xx-firmware-30-2.el6.noarch
[2016-11-28 21:10:55,806] DEBUG   : TSINFO: Marking alsa-lib-1.0.22-3.el6.x86_64 as install for alsa-utils-1.0.22-5.el6.x86_64
[2016-11-28 21:10:55,807] DEBUG   : Quick matched alsa-lib-1.0.22-3.el6.x86_64 to require for libasound.so.2(ALSA_0.9.0rc4)(64bit)
[2016-11-28 21:10:55,807] DEBUG   : Quick matched alsa-lib-1.0.22-3.el6.x86_64 to require for libasound.so.2(ALSA_0.9)(64bit)
[2016-11-28 21:10:55,807] DEBUG   : Quick matched alsa-lib-1.0.22-3.el6.x86_64 to require for libasound.so.2()(64bit)
[2016-11-28 21:10:55,810] DEBUG   : TSINFO: Marking libselinux-2.0.94-5.3.el6_4.1.x86_64 as install for at-3.1.10-43.el6_2.1.x86_64
[2016-11-28 21:10:55,820] DEBUG   : TSINFO: Marking audit-libs-2.2-2.el6.x86_64 as install for audit-2.2-2.el6.x86_64
[2016-11-28 21:10:55,822] DEBUG   : TSINFO: Marking tcp_wrappers-libs-7.6-57.el6.x86_64 as install for audit-2.2-2.el6.x86_64
[2016-11-28 21:10:55,823] DEBUG   : Quick matched audit-libs-2.2-2.el6.x86_64 to require for libaudit.so.1()(64bit)
[2016-11-28 21:10:55,825] DEBUG   : TSINFO: Marking newt-python-0.52.11-3.el6.x86_64 as install for authconfig-6.1.12-13.el6.x86_64
[2016-11-28 21:10:55,840] DEBUG   : TSINFO: Marking 4:perl-5.10.1-136.el6.x86_64 as install for autoconf-2.63-5.1.el6.noarch
[2016-11-28 21:10:55,841] DEBUG   : Quick matched 4:perl-5.10.1-136.el6.x86_64 to require for perl
[2016-11-28 21:10:55,842] DEBUG   : Quick matched 4:perl-5.10.1-136.el6.x86_64 to require for perl
[2016-11-28 21:10:55,843] DEBUG   : TSINFO: Marking m4-1.4.13-5.el6.x86_64 as install for autoconf-2.63-5.1.el6.noarch
[2016-11-28 21:10:55,844] DEBUG   : Quick matched 4:perl-5.10.1-136.el6.x86_64 to require for perl(strict)
[2016-11-28 21:10:55,844] DEBUG   : Quick matched 4:perl-5.10.1-136.el6.x86_64 to require for perl(Text::ParseWords)
[2016-11-28 21:10:55,844] DEBUG   : Quick matched 4:perl-5.10.1-136.el6.x86_64 to require for perl(POSIX)
[2016-11-28 21:10:55,844] DEBUG   : Quick matched 4:perl-5.10.1-136.el6.x86_64 to require for perl(IO::File)
[2016-11-28 21:10:55,845] DEBUG   : Quick matched 4:perl-5.10.1-136.el6.x86_64 to require for perl(Getopt::Long)
[2016-11-28 21:10:55,845] DEBUG   : Quick matched 4:perl-5.10.1-136.el6.x86_64 to require for perl(File::stat)
[2016-11-28 21:10:55,846] DEBUG   : Quick matched 4:perl-5.10.1-136.el6.x86_64 to require for perl(File::Spec)
[2016-11-28 21:10:55,846] DEBUG   : Quick matched 4:perl-5.10.1-136.el6.x86_64 to require for perl(File::Path)
[2016-11-28 21:10:55,846] DEBUG   : Quick matched 4:perl-5.10.1-136.el6.x86_64 to require for perl(File::Find)
[2016-11-28 21:10:55,847] DEBUG   : Quick matched 4:perl-5.10.1-136.el6.x86_64 to require for perl(File::Copy)
[2016-11-28 21:10:55,847] DEBUG   : Quick matched 4:perl-5.10.1-136.el6.x86_64 to require for perl(File::Compare)
[2016-11-28 21:10:55,847] DEBUG   : Quick matched 4:perl-5.10.1-136.el6.x86_64 to require for perl(File::Basename)
[2016-11-28 21:10:55,848] DEBUG   : Quick matched 4:perl-5.10.1-136.el6.x86_64 to require for perl(Exporter)
[2016-11-28 21:10:55,849] DEBUG   : Quick matched 4:perl-5.10.1-136.el6.x86_64 to require for perl(Errno)
[2016-11-28 21:10:55,850] DEBUG   : Quick matched 4:perl-5.10.1-136.el6.x86_64 to require for perl(DynaLoader)
[2016-11-28 21:10:55,850] DEBUG   : Quick matched 4:perl-5.10.1-136.el6.x86_64 to require for perl(Data::Dumper)
[2016-11-28 21:10:55,851] DEBUG   : Quick matched 4:perl-5.10.1-136.el6.x86_64 to require for perl(Cwd)
[2016-11-28 21:10:55,852] DEBUG   : Quick matched 4:perl-5.10.1-136.el6.x86_64 to require for perl(Carp)
[2016-11-28 21:10:55,855] DEBUG   : TSINFO: Marking info-4.13a-8.el6.x86_64 as install for autoconf-2.63-5.1.el6.noarch
[2016-11-28 21:10:55,864] DEBUG   : TSINFO: Marking sed-4.2.1-10.el6.x86_64 as install for 1:autofs-5.0.5-88.el6.x86_64
[2016-11-28 21:10:55,866] DEBUG   : TSINFO: Marking module-init-tools-3.9-21.el6_4.x86_64 as install for 1:autofs-5.0.5-88.el6.x86_64
[2016-11-28 21:10:55,868] DEBUG   : TSINFO: Marking libxml2-2.7.6-14.el6.x86_64 as install for 1:autofs-5.0.5-88.el6.x86_64
[2016-11-28 21:10:55,870] DEBUG   : TSINFO: Marking grep-2.6.3-4.el6.x86_64 as install for 1:autofs-5.0.5-88.el6.x86_64
[2016-11-28 21:10:55,871] DEBUG   : TSINFO: Marking gawk-3.1.7-10.el6.x86_64 as install for 1:autofs-5.0.5-88.el6.x86_64
[2016-11-28 21:10:55,872] DEBUG   : TSINFO: Marking libtirpc-0.2.1-6.el6_4.x86_64 as install for 1:autofs-5.0.5-88.el6.x86_64
[2016-11-28 21:10:55,874] DEBUG   : TSINFO: Marking cyrus-sasl-lib-2.1.23-13.el6_3.1.x86_64 as install for 1:autofs-5.0.5-88.el6.x86_64
[2016-11-28 21:10:55,876] DEBUG   : TSINFO: Marking hesiod-3.1.0-19.el6.x86_64 as install for 1:autofs-5.0.5-88.el6.x86_64
[2016-11-28 21:10:55,878] DEBUG   : TSINFO: Marking libcom_err-1.41.12-18.el6.x86_64 as install for 1:autofs-5.0.5-88.el6.x86_64
[2016-11-28 21:10:55,887] DEBUG   : TSINFO: Marking readline-6.0-4.el6.x86_64 as install for bc-1.06.95-1.el6.x86_64
[2016-11-28 21:10:55,894] DEBUG   : TSINFO: Marking 32:bind-libs-9.8.2-0.17.rc1.el6_4.6.x86_64 as install for 32:bind-utils-9.8.2-0.17.rc1.el6_4.6.x86_64
[2016-11-28 21:10:55,896] DEBUG   : TSINFO: Marking libidn-1.18-2.el6.x86_64 as install for 32:bind-utils-9.8.2-0.17.rc1.el6_4.6.x86_64
[2016-11-28 21:10:55,897] DEBUG   : Quick matched 32:bind-libs-9.8.2-0.17.rc1.el6_4.6.x86_64 to require for libisccfg.so.82()(64bit)
[2016-11-28 21:10:55,897] DEBUG   : Quick matched 32:bind-libs-9.8.2-0.17.rc1.el6_4.6.x86_64 to require for libisccc.so.80()(64bit)
[2016-11-28 21:10:55,897] DEBUG   : Quick matched 32:bind-libs-9.8.2-0.17.rc1.el6_4.6.x86_64 to require for libisc.so.83()(64bit)
[2016-11-28 21:10:55,900] DEBUG   : TSINFO: Marking libcap-2.16-5.5.el6.x86_64 as install for 32:bind-utils-9.8.2-0.17.rc1.el6_4.6.x86_64
[2016-11-28 21:10:55,906] DEBUG   : TSINFO: Marking pciutils-libs-3.1.10-2.el6.x86_64 as install for biosdevname-0.5.0-2.el6.x86_64
[2016-11-28 21:10:55,906] DEBUG   : Quick matched pciutils-libs-3.1.10-2.el6.x86_64 to require for libpci.so.3()(64bit)
[2016-11-28 21:10:55,914] DEBUG   : TSINFO: Marking bzip2-libs-1.0.5-7.el6_0.x86_64 as install for bzip2-1.0.5-7.el6_0.x86_64
[2016-11-28 21:10:55,917] DEBUG   : TSINFO: Marking python-paramiko-1.7.5-2.1.el6.noarch as install for cas-0.15-1.el6.1.noarch
[2016-11-28 21:10:55,920] DEBUG   : TSINFO: Marking popt-1.13-7.el6.x86_64 as install for chkconfig-1.3.49.3-2.el6_4.1.x86_64
[2016-11-28 21:10:55,921] DEBUG   : Quick matched popt-1.13-7.el6.x86_64 to require for libpopt.so.0()(64bit)
[2016-11-28 21:10:55,926] DEBUG   : TSINFO: Marking libtalloc-2.0.7-2.el6.x86_64 as install for cifs-utils-4.8.1-19.el6.x86_64
[2016-11-28 21:10:55,928] DEBUG   : TSINFO: Marking keyutils-libs-1.4-4.el6.x86_64 as install for cifs-utils-4.8.1-19.el6.x86_64
[2016-11-28 21:10:55,928] DEBUG   : Quick matched keyutils-libs-1.4-4.el6.x86_64 to require for libkeyutils.so.1(KEYUTILS_0.3)(64bit)
[2016-11-28 21:10:55,929] DEBUG   : TSINFO: Marking keyutils-1.4-4.el6.x86_64 as install for cifs-utils-4.8.1-19.el6.x86_64
[2016-11-28 21:10:55,932] DEBUG   : TSINFO: Marking samba-winbind-clients-3.6.9-164.el6.x86_64 as install for cifs-utils-4.8.1-19.el6.x86_64
[2016-11-28 21:10:55,934] DEBUG   : TSINFO: Marking libcap-ng-0.6.4-3.el6_0.1.x86_64 as install for cifs-utils-4.8.1-19.el6.x86_64
[2016-11-28 21:10:55,938] DEBUG   : TSINFO: Marking compat-db43-4.3.29-15.el6.x86_64 as install for compat-db-4.6.21-15.el6.x86_64
[2016-11-28 21:10:55,942] DEBUG   : TSINFO: Marking compat-db42-4.2.52-15.el6.x86_64 as install for compat-db-4.6.21-15.el6.x86_64
[2016-11-28 21:10:55,945] DEBUG   : TSINFO: Marking 1:compat-glibc-headers-2.5-46.2.x86_64 as install for 1:compat-glibc-2.5-46.2.x86_64
[2016-11-28 21:10:55,959] DEBUG   : TSINFO: Marking glibc-2.12-1.132.el6.i686 as install for compat-libstdc++-296-2.96-144.el6.i686
[2016-11-28 21:10:55,960] DEBUG   : Quick matched glibc-2.12-1.132.el6.i686 to require for libm.so.6
[2016-11-28 21:10:55,963] DEBUG   : TSINFO: Marking libgcc-4.4.7-4.el6.i686 as install for compat-libstdc++-296-2.96-144.el6.i686
[2016-11-28 21:10:55,964] DEBUG   : Quick matched libgcc-4.4.7-4.el6.i686 to require for libgcc_s.so.1
[2016-11-28 21:10:55,968] DEBUG   : TSINFO: Marking ncurses-base-5.7-3.20090208.el6.x86_64 as install for compat-libtermcap-2.0.8-49.el6.x86_64
[2016-11-28 21:10:55,980] DEBUG   : TSINFO: Marking librdmacm-1.0.17-1.el6.x86_64 as install for compat-openmpi-1.4.3-1.1.el6.x86_64
[2016-11-28 21:10:55,982] DEBUG   : TSINFO: Marking numactl-2.0.7-8.el6.x86_64 as install for compat-openmpi-1.4.3-1.1.el6.x86_64
[2016-11-28 21:10:55,983] DEBUG   : Quick matched numactl-2.0.7-8.el6.x86_64 to require for libnuma.so.1(libnuma_1.1)(64bit)
[2016-11-28 21:10:55,984] DEBUG   : TSINFO: Marking libibverbs-1.1.7-1.el6.x86_64 as install for compat-openmpi-1.4.3-1.1.el6.x86_64
[2016-11-28 21:10:55,985] DEBUG   : Quick matched libibverbs-1.1.7-1.el6.x86_64 to require for libibverbs.so.1(IBVERBS_1.0)(64bit)
[2016-11-28 21:10:55,987] DEBUG   : TSINFO: Marking libgomp-4.4.7-4.el6.x86_64 as install for compat-openmpi-1.4.3-1.1.el6.x86_64
[2016-11-28 21:10:55,987] DEBUG   : Quick matched libgomp-4.4.7-4.el6.x86_64 to require for libgomp.so.1(GOMP_1.0)(64bit)
[2016-11-28 21:10:55,988] DEBUG   : TSINFO: Marking environment-modules-3.2.9c-6.el6.x86_64 as install for compat-openmpi-1.4.3-1.1.el6.x86_64
[2016-11-28 21:10:55,990] DEBUG   : TSINFO: Marking plpa-libs-1.3.2-2.1.el6.x86_64 as install for compat-openmpi-1.4.3-1.1.el6.x86_64
[2016-11-28 21:10:55,994] DEBUG   : TSINFO: Marking libtool-ltdl-2.2.6-15.5.el6.x86_64 as install for compat-openmpi-1.4.3-1.1.el6.x86_64
[2016-11-28 21:10:55,997] DEBUG   : TSINFO: Marking libgfortran-4.4.7-4.el6.x86_64 as install for compat-openmpi-1.4.3-1.1.el6.x86_64
[2016-11-28 21:10:56,000] DEBUG   : TSINFO: Marking libesmtp-1.0.4-15.el6.x86_64 as install for compat-openmpi-1.4.3-1.1.el6.x86_64
[2016-11-28 21:10:56,005] DEBUG   : TSINFO: Marking infinipath-psm-3.0.1-115.1015_open.2.el6.x86_64 as install for compat-openmpi-psm-1.4.3-1.1.el6.x86_64
[2016-11-28 21:10:56,012] DEBUG   : TSINFO: Marking coreutils-libs-8.4-31.el6.x86_64 as install for coreutils-8.4-31.el6.x86_64
[2016-11-28 21:10:56,015] DEBUG   : TSINFO: Marking gmp-4.3.1-7.el6_2.2.x86_64 as install for coreutils-8.4-31.el6.x86_64
[2016-11-28 21:10:56,016] DEBUG   : Quick matched gmp-4.3.1-7.el6_2.2.x86_64 to require for libgmp.so.3()(64bit)
[2016-11-28 21:10:56,022] DEBUG   : TSINFO: Marking snappy-1.1.0-1.el6.x86_64 as install for crash-6.1.0-5.el6.x86_64
[2016-11-28 21:10:56,023] DEBUG   : TSINFO: Marking lzo-2.03-3.1.el6.x86_64 as install for crash-6.1.0-5.el6.x86_64
[2016-11-28 21:10:56,031] DEBUG   : TSINFO: Marking cronie-anacron-1.4.4-12.el6.x86_64 as install for cronie-1.4.4-12.el6.x86_64
[2016-11-28 21:10:56,037] DEBUG   : TSINFO: Marking cryptsetup-luks-libs-1.2.0-7.el6.x86_64 as install for cryptsetup-luks-1.2.0-7.el6.x86_64
[2016-11-28 21:10:56,037] DEBUG   : Quick matched cryptsetup-luks-libs-1.2.0-7.el6.x86_64 to require for libcryptsetup.so.1(CRYPTSETUP_1.0)(64bit)
[2016-11-28 21:10:56,039] DEBUG   : TSINFO: Marking fipscheck-lib-1.2.0-7.el6.x86_64 as install for cryptsetup-luks-1.2.0-7.el6.x86_64
[2016-11-28 21:10:56,051] DEBUG   : TSINFO: Marking 1:cups-libs-1.4.2-50.el6_4.5.x86_64 as install for 1:cups-1.4.2-50.el6_4.5.x86_64
[2016-11-28 21:10:56,052] DEBUG   : TSINFO: Marking portreserve-0.0.4-9.el6.x86_64 as install for 1:cups-1.4.2-50.el6_4.5.x86_64
[2016-11-28 21:10:56,053] DEBUG   : TSINFO: Marking poppler-utils-0.12.4-3.el6_0.1.x86_64 as install for 1:cups-1.4.2-50.el6_4.5.x86_64
[2016-11-28 21:10:56,056] DEBUG   : TSINFO: Marking gnutls-2.8.5-10.el6_4.2.x86_64 as install for 1:cups-1.4.2-50.el6_4.5.x86_64
[2016-11-28 21:10:56,056] DEBUG   : Quick matched gnutls-2.8.5-10.el6_4.2.x86_64 to require for libgnutls.so.26()(64bit)
[2016-11-28 21:10:56,057] DEBUG   : Quick matched 1:cups-libs-1.4.2-50.el6_4.5.x86_64 to require for libcupsmime.so.1()(64bit)
[2016-11-28 21:10:56,057] DEBUG   : Quick matched 1:cups-libs-1.4.2-50.el6_4.5.x86_64 to require for libcupsimage.so.2()(64bit)
[2016-11-28 21:10:56,057] DEBUG   : Quick matched 1:cups-libs-1.4.2-50.el6_4.5.x86_64 to require for libcupsdriver.so.1()(64bit)
[2016-11-28 21:10:56,057] DEBUG   : Quick matched 1:cups-libs-1.4.2-50.el6_4.5.x86_64 to require for libcupscgi.so.1()(64bit)
[2016-11-28 21:10:56,057] DEBUG   : Quick matched 1:cups-libs-1.4.2-50.el6_4.5.x86_64 to require for libcups.so.2()(64bit)
[2016-11-28 21:10:56,059] DEBUG   : TSINFO: Marking avahi-libs-0.6.25-12.el6.x86_64 as install for 1:cups-1.4.2-50.el6_4.5.x86_64
[2016-11-28 21:10:56,060] DEBUG   : Quick matched avahi-libs-0.6.25-12.el6.x86_64 to require for libavahi-client.so.3()(64bit)
[2016-11-28 21:10:56,065] DEBUG   : TSINFO: Marking dbus-glib-0.86-6.el6.x86_64 as install for cups-pk-helper-0.0.4-12.el6.x86_64
[2016-11-28 21:10:56,067] DEBUG   : TSINFO: Marking polkit-0.96-5.el6_4.x86_64 as install for cups-pk-helper-0.0.4-12.el6.x86_64
[2016-11-28 21:10:56,074] DEBUG   : TSINFO: Marking expat-2.0.1-11.el6_2.x86_64 as install for 1:dbus-1.2.24-7.el6_3.x86_64
[2016-11-28 21:10:56,117] DEBUG   : TSINFO: Marking 12:dhcp-common-4.1.1-38.P1.el6.centos.x86_64 as install for 12:dhclient-4.1.1-38.P1.el6.centos.x86_64
[2016-11-28 21:10:56,121] DEBUG   : TSINFO: Marking device-mapper-1.02.79-8.el6.x86_64 as install for dmraid-1.0.0.rc16-11.el6.x86_64
[2016-11-28 21:10:56,123] DEBUG   : TSINFO: Marking device-mapper-libs-1.02.79-8.el6.x86_64 as install for dmraid-1.0.0.rc16-11.el6.x86_64
[2016-11-28 21:10:56,125] DEBUG   : TSINFO: Marking device-mapper-event-libs-1.02.79-8.el6.x86_64 as install for dmraid-1.0.0.rc16-11.el6.x86_64
[2016-11-28 21:10:56,126] DEBUG   : TSINFO: Marking kpartx-0.4.9-72.el6.x86_64 as install for dmraid-1.0.0.rc16-11.el6.x86_64
[2016-11-28 21:10:56,127] DEBUG   : TSINFO: Marking dmraid-events-1.0.0.rc16-11.el6.x86_64 as install for dmraid-1.0.0.rc16-11.el6.x86_64
[2016-11-28 21:10:56,128] DEBUG   : TSINFO: Marking libsepol-2.0.41-4.el6.x86_64 as install for dmraid-1.0.0.rc16-11.el6.x86_64
[2016-11-28 21:10:56,141] DEBUG   : TSINFO: Marking libss-1.41.12-18.el6.x86_64 as install for e2fsprogs-1.41.12-18.el6.x86_64
[2016-11-28 21:10:56,147] DEBUG   : TSINFO: Marking e2fsprogs-libs-1.41.12-18.el6.x86_64 as install for e2fsprogs-1.41.12-18.el6.x86_64
[2016-11-28 21:10:56,149] DEBUG   : TSINFO: Marking libuuid-2.17.2-12.14.el6.x86_64 as install for e2fsprogs-1.41.12-18.el6.x86_64
[2016-11-28 21:10:56,152] DEBUG   : TSINFO: Marking libblkid-2.17.2-12.14.el6.x86_64 as install for e2fsprogs-1.41.12-18.el6.x86_64
[2016-11-28 21:10:56,152] DEBUG   : Quick matched libblkid-2.17.2-12.14.el6.x86_64 to require for libblkid.so.1(BLKID_2.15)(64bit)
[2016-11-28 21:10:56,152] DEBUG   : Quick matched libblkid-2.17.2-12.14.el6.x86_64 to require for libblkid.so.1(BLKID_1.0)(64bit)
[2016-11-28 21:10:56,153] DEBUG   : Quick matched e2fsprogs-libs-1.41.12-18.el6.x86_64 to require for libe2p.so.2()(64bit)
[2016-11-28 21:10:56,169] DEBUG   : TSINFO: Marking file-libs-5.04-15.el6.x86_64 as install for file-5.04-15.el6.x86_64
[2016-11-28 21:10:56,170] DEBUG   : Quick matched file-libs-5.04-15.el6.x86_64 to require for libmagic.so.1()(64bit)
[2016-11-28 21:10:56,179] DEBUG   : TSINFO: Marking ghostscript-8.70-19.el6.x86_64 as install for foomatic-4.0.4-3.el6.x86_64
[2016-11-28 21:10:56,180] DEBUG   : TSINFO: Marking foomatic-db-4.0-7.20091126.el6.noarch as install for foomatic-4.0.4-3.el6.x86_64
[2016-11-28 21:10:56,184] DEBUG   : TSINFO: Marking foomatic-db-filesystem-4.0-7.20091126.el6.noarch as install for foomatic-db-ppds-4.0-7.20091126.el6.noarch
[2016-11-28 21:10:56,186] DEBUG   : TSINFO: Marking fprintd-0.1-21.git04fd09cfa.el6.x86_64 as install for fprintd-pam-0.1-21.git04fd09cfa.el6.x86_64
[2016-11-28 21:10:56,191] DEBUG   : TSINFO: Marking cpp-4.4.7-4.el6.x86_64 as install for gcc-4.4.7-4.el6.x86_64
[2016-11-28 21:10:56,196] DEBUG   : TSINFO: Marking glibc-devel-2.12-1.132.el6.x86_64 as install for gcc-4.4.7-4.el6.x86_64
[2016-11-28 21:10:56,200] DEBUG   : TSINFO: Marking cloog-ppl-0.15.7-1.2.el6.x86_64 as install for gcc-4.4.7-4.el6.x86_64
[2016-11-28 21:10:56,205] DEBUG   : TSINFO: Marking libstdc++-devel-4.4.7-4.el6.x86_64 as install for gcc-c++-4.4.7-4.el6.x86_64
[2016-11-28 21:10:56,207] DEBUG   : TSINFO: Marking mpfr-2.4.1-6.el6.x86_64 as install for gcc-c++-4.4.7-4.el6.x86_64
[2016-11-28 21:10:56,212] DEBUG   : TSINFO: Marking python-libs-2.6.6-51.el6.x86_64 as install for gdb-7.2-60.el6_4.1.x86_64
[2016-11-28 21:10:56,213] DEBUG   : Quick matched python-libs-2.6.6-51.el6.x86_64 to require for libpython2.6.so.1.0()(64bit)
[2016-11-28 21:10:56,222] DEBUG   : TSINFO: Marking perl-Git-1.7.1-3.el6_4.1.noarch as install for git-1.7.1-3.el6_4.1.x86_64
[2016-11-28 21:10:56,223] DEBUG   : Quick matched perl-Git-1.7.1-3.el6_4.1.noarch to require for perl(Git)
[2016-11-28 21:10:56,224] DEBUG   : TSINFO: Marking 1:perl-Error-0.17015-4.el6.noarch as install for git-1.7.1-3.el6_4.1.x86_64
[2016-11-28 21:10:56,225] DEBUG   : TSINFO: Marking less-436-10.el6.x86_64 as install for git-1.7.1-3.el6_4.1.x86_64
[2016-11-28 21:10:56,227] DEBUG   : TSINFO: Marking libcurl-7.19.7-37.el6_4.x86_64 as install for git-1.7.1-3.el6_4.1.x86_64
[2016-11-28 21:10:56,229] DEBUG   : TSINFO: Marking glibc-common-2.12-1.132.el6.x86_64 as install for glibc-2.12-1.132.el6.x86_64
[2016-11-28 21:10:56,232] DEBUG   : TSINFO: Marking nss-softokn-freebl-3.14.3-9.el6.x86_64 as install for glibc-2.12-1.132.el6.x86_64
[2016-11-28 21:10:56,232] DEBUG   : Quick matched nss-softokn-freebl-3.14.3-9.el6.x86_64 to require for libfreebl3.so()(64bit)
[2016-11-28 21:10:56,235] DEBUG   : TSINFO: Marking pinentry-0.7.6-6.el6.x86_64 as install for gnupg2-2.0.14-6.el6_4.x86_64
[2016-11-28 21:10:56,237] DEBUG   : TSINFO: Marking libgcrypt-1.4.5-11.el6_4.x86_64 as install for gnupg2-2.0.14-6.el6_4.x86_64
[2016-11-28 21:10:56,238] DEBUG   : TSINFO: Marking pth-2.0.7-9.3.el6.x86_64 as install for gnupg2-2.0.14-6.el6_4.x86_64
[2016-11-28 21:10:56,240] DEBUG   : TSINFO: Marking libgpg-error-1.7-4.el6.x86_64 as install for gnupg2-2.0.14-6.el6_4.x86_64
[2016-11-28 21:10:56,242] DEBUG   : TSINFO: Marking redhat-logos-60.0.14-12.el6.centos.noarch as install for 1:grub-0.97-83.el6.x86_64
[2016-11-28 21:10:56,249] DEBUG   : TSINFO: Marking pango-1.28.1-7.el6_3.x86_64 as install for gutenprint-5.2.5-2.el6.x86_64
[2016-11-28 21:10:56,249] DEBUG   : Quick matched pango-1.28.1-7.el6_3.x86_64 to require for libpangocairo-1.0.so.0()(64bit)
[2016-11-28 21:10:56,250] DEBUG   : Quick matched pango-1.28.1-7.el6_3.x86_64 to require for libpango-1.0.so.0()(64bit)
[2016-11-28 21:10:56,251] DEBUG   : TSINFO: Marking gtk2-2.20.1-4.el6.x86_64 as install for gutenprint-5.2.5-2.el6.x86_64
[2016-11-28 21:10:56,252] DEBUG   : Quick matched gtk2-2.20.1-4.el6.x86_64 to require for libgdk_pixbuf-2.0.so.0()(64bit)
[2016-11-28 21:10:56,252] DEBUG   : Quick matched gtk2-2.20.1-4.el6.x86_64 to require for libgdk-x11-2.0.so.0()(64bit)
[2016-11-28 21:10:56,253] DEBUG   : TSINFO: Marking freetype-2.3.11-14.el6_3.1.x86_64 as install for gutenprint-5.2.5-2.el6.x86_64
[2016-11-28 21:10:56,254] DEBUG   : TSINFO: Marking fontconfig-2.8.0-3.el6.x86_64 as install for gutenprint-5.2.5-2.el6.x86_64
[2016-11-28 21:10:56,255] DEBUG   : TSINFO: Marking cairo-1.8.8-3.1.el6.x86_64 as install for gutenprint-5.2.5-2.el6.x86_64
[2016-11-28 21:10:56,257] DEBUG   : TSINFO: Marking atk-1.30.0-1.el6.x86_64 as install for gutenprint-5.2.5-2.el6.x86_64
[2016-11-28 21:10:56,267] DEBUG   : TSINFO: Marking hplip-libs-3.12.4-4.el6_4.1.x86_64 as install for 1:hpijs-3.12.4-4.el6_4.1.x86_64
[2016-11-28 21:10:56,268] DEBUG   : TSINFO: Marking 1:net-snmp-5.5-49.el6.x86_64 as install for 1:hpijs-3.12.4-4.el6_4.1.x86_64
[2016-11-28 21:10:56,270] DEBUG   : TSINFO: Marking libjpeg-turbo-1.2.1-1.el6.x86_64 as install for 1:hpijs-3.12.4-4.el6_4.1.x86_64
[2016-11-28 21:10:56,272] DEBUG   : TSINFO: Marking libusb-0.1.12-23.el6.x86_64 as install for 1:hpijs-3.12.4-4.el6_4.1.x86_64
[2016-11-28 21:10:56,273] DEBUG   : TSINFO: Marking 1:net-snmp-libs-5.5-49.el6.x86_64 as install for 1:hpijs-3.12.4-4.el6_4.1.x86_64
[2016-11-28 21:10:56,274] DEBUG   : Quick matched hplip-libs-3.12.4-4.el6_4.1.x86_64 to require for libhpip.so.0()(64bit)
[2016-11-28 21:10:56,284] DEBUG   : TSINFO: Marking upstart-0.6.5-12.el6_4.1.x86_64 as install for initscripts-9.03.40-2.el6.centos.x86_64
[2016-11-28 21:10:56,285] DEBUG   : TSINFO: Marking sysvinit-tools-2.87-5.dsf.el6.x86_64 as install for initscripts-9.03.40-2.el6.centos.x86_64
[2016-11-28 21:10:56,286] DEBUG   : TSINFO: Marking net-tools-1.60-110.el6_2.x86_64 as install for initscripts-9.03.40-2.el6.centos.x86_64
[2016-11-28 21:10:56,288] DEBUG   : TSINFO: Marking mingetty-1.08-5.el6.x86_64 as install for initscripts-9.03.40-2.el6.centos.x86_64
[2016-11-28 21:10:56,289] DEBUG   : TSINFO: Marking psmisc-22.6-15.el6_0.1.x86_64 as install for initscripts-9.03.40-2.el6.centos.x86_64
[2016-11-28 21:10:56,290] DEBUG   : TSINFO: Marking centos-release-6-5.el6.centos.11.1.x86_64 as install for initscripts-9.03.40-2.el6.centos.x86_64
[2016-11-28 21:10:56,291] DEBUG   : TSINFO: Marking 1:findutils-4.4.2-6.el6.x86_64 as install for initscripts-9.03.40-2.el6.centos.x86_64
[2016-11-28 21:10:56,297] DEBUG   : TSINFO: Marking perl-XML-Parser-2.36-7.el6.x86_64 as install for intltool-0.41.0-1.1.el6.noarch
[2016-11-28 21:10:56,301] DEBUG   : TSINFO: Marking gettext-devel-0.17-16.el6.x86_64 as install for intltool-0.41.0-1.1.el6.noarch
[2016-11-28 21:10:56,322] DEBUG   : TSINFO: Marking jpackage-utils-1.7.5-3.12.el6.noarch as install for 1:java-1.6.0-openjdk-1.6.0.0-1.66.1.13.0.el6.x86_64
[2016-11-28 21:10:56,323] DEBUG   : TSINFO: Marking tzdata-java-2013g-1.el6.noarch as install for 1:java-1.6.0-openjdk-1.6.0.0-1.66.1.13.0.el6.x86_64
[2016-11-28 21:10:56,324] DEBUG   : TSINFO: Marking rhino-1.7-0.7.r2.2.el6.noarch as install for 1:java-1.6.0-openjdk-1.6.0.0-1.66.1.13.0.el6.x86_64
[2016-11-28 21:10:56,327] DEBUG   : TSINFO: Marking pulseaudio-libs-0.9.21-14.el6_3.x86_64 as install for 1:java-1.6.0-openjdk-1.6.0.0-1.66.1.13.0.el6.x86_64
[2016-11-28 21:10:56,330] DEBUG   : TSINFO: Marking 2:libpng-1.2.49-1.el6_2.x86_64 as install for 1:java-1.6.0-openjdk-1.6.0.0-1.66.1.13.0.el6.x86_64
[2016-11-28 21:10:56,332] DEBUG   : TSINFO: Marking ca-certificates-2013.1.94-65.0.el6.noarch as install for 1:java-1.6.0-openjdk-1.6.0.0-1.66.1.13.0.el6.x86_64
[2016-11-28 21:10:56,334] DEBUG   : TSINFO: Marking giflib-4.1.6-3.1.el6.x86_64 as install for 1:java-1.6.0-openjdk-1.6.0.0-1.66.1.13.0.el6.x86_64
[2016-11-28 21:10:56,335] DEBUG   : TSINFO: Marking libXtst-1.2.1-2.el6.x86_64 as install for 1:java-1.6.0-openjdk-1.6.0.0-1.66.1.13.0.el6.x86_64
[2016-11-28 21:10:56,336] DEBUG   : TSINFO: Marking libXrender-0.9.7-2.el6.x86_64 as install for 1:java-1.6.0-openjdk-1.6.0.0-1.66.1.13.0.el6.x86_64
[2016-11-28 21:10:56,338] DEBUG   : TSINFO: Marking libXi-1.6.1-3.el6.x86_64 as install for 1:java-1.6.0-openjdk-1.6.0.0-1.66.1.13.0.el6.x86_64
[2016-11-28 21:10:56,339] DEBUG   : TSINFO: Marking libXext-1.3.1-2.el6.x86_64 as install for 1:java-1.6.0-openjdk-1.6.0.0-1.66.1.13.0.el6.x86_64
[2016-11-28 21:10:56,340] DEBUG   : TSINFO: Marking libX11-1.5.0-4.el6.x86_64 as install for 1:java-1.6.0-openjdk-1.6.0.0-1.66.1.13.0.el6.x86_64
[2016-11-28 21:10:56,344] DEBUG   : TSINFO: Marking xorg-x11-fonts-Type1-7.2-9.1.el6.noarch as install for 1:java-1.7.0-openjdk-1.7.0.45-2.4.3.3.el6.x86_64
[2016-11-28 21:10:56,346] DEBUG   : TSINFO: Marking kbd-misc-1.15-11.el6.noarch as install for kbd-1.15-11.el6.x86_64
[2016-11-28 21:10:56,398] DEBUG   : TSINFO: Marking grubby-7.0.15-5.el6.x86_64 as install for kernel-2.6.32-431.el6.x86_64
[2016-11-28 21:10:56,400] DEBUG   : TSINFO: Marking dracut-kernel-004-335.el6.noarch as install for kernel-2.6.32-431.el6.x86_64
[2016-11-28 21:10:56,406] DEBUG   : TSINFO: Marking 1:busybox-1.15.1-20.el6.x86_64 as install for kexec-tools-2.0.0-273.el6.x86_64
[2016-11-28 21:10:56,407] DEBUG   : TSINFO: Marking dracut-004-335.el6.noarch as install for kexec-tools-2.0.0-273.el6.x86_64
[2016-11-28 21:10:56,414] DEBUG   : TSINFO: Marking latencytop-common-0.5-9.el6.x86_64 as install for latencytop-0.5-9.el6.x86_64
[2016-11-28 21:10:56,420] DEBUG   : TSINFO: Marking sg3_utils-libs-1.28-5.el6.x86_64 as install for ledmon-0.78-1.el6.x86_64
[2016-11-28 21:10:56,420] DEBUG   : Quick matched sg3_utils-libs-1.28-5.el6.x86_64 to require for libsgutils2.so.2()(64bit)
[2016-11-28 21:10:56,436] DEBUG   : TSINFO: Marking lvm2-libs-2.02.100-8.el6.x86_64 as install for lvm2-2.02.100-8.el6.x86_64
[2016-11-28 21:10:56,437] DEBUG   : TSINFO: Marking device-mapper-persistent-data-0.2.8-2.el6.x86_64 as install for lvm2-2.02.100-8.el6.x86_64
[2016-11-28 21:10:56,439] DEBUG   : TSINFO: Marking libudev-147-2.51.el6.x86_64 as install for lvm2-2.02.100-8.el6.x86_64
[2016-11-28 21:10:56,444] DEBUG   : TSINFO: Marking groff-1.18.1.4-21.el6.x86_64 as install for man-1.6f-32.el6.x86_64
[2016-11-28 21:10:56,444] DEBUG   : Quick matched groff-1.18.1.4-21.el6.x86_64 to require for nroff-i18n
[2016-11-28 21:10:56,445] DEBUG   : TSINFO: Marking xz-lzma-compat-4.999.9-0.3.beta.20091007git.el6.x86_64 as install for man-1.6f-32.el6.x86_64
[2016-11-28 21:10:56,446] DEBUG   : TSINFO: Marking gzip-1.3.12-19.el6_4.x86_64 as install for man-1.6f-32.el6.x86_64
[2016-11-28 21:10:56,456] DEBUG   : TSINFO: Marking lockdev-1.0.1-18.el6.x86_64 as install for minicom-2.3-6.1.el6.x86_64
[2016-11-28 21:10:56,469] DEBUG   : TSINFO: Marking nfs-utils-lib-1.1.5-6.el6.x86_64 as install for 1:nfs-utils-1.2.3-39.el6.x86_64
[2016-11-28 21:10:56,471] DEBUG   : TSINFO: Marking rpcbind-0.2.0-11.el6.x86_64 as install for 1:nfs-utils-1.2.3-39.el6.x86_64
[2016-11-28 21:10:56,472] DEBUG   : TSINFO: Marking libgssglue-0.1-11.el6.x86_64 as install for 1:nfs-utils-1.2.3-39.el6.x86_64
[2016-11-28 21:10:56,473] DEBUG   : Quick matched libgssglue-0.1-11.el6.x86_64 to require for libgssglue
[2016-11-28 21:10:56,475] DEBUG   : TSINFO: Marking libevent-1.4.13-4.el6.x86_64 as install for 1:nfs-utils-1.2.3-39.el6.x86_64
[2016-11-28 21:10:56,482] DEBUG   : TSINFO: Marking nss-softokn-3.14.3-9.el6.x86_64 as install for nss-3.15.1-15.el6.x86_64
[2016-11-28 21:10:56,482] DEBUG   : TSINFO: Marking nss-sysinit-3.15.1-15.el6.x86_64 as install for nss-3.15.1-15.el6.x86_64
[2016-11-28 21:10:56,486] DEBUG   : TSINFO: Marking libedit-2.11-4.20080712cvs.1.el6.x86_64 as install for ntp-4.2.6p5-1.el6.centos.x86_64
[2016-11-28 21:10:56,491] DEBUG   : TSINFO: Marking newt-0.52.11-3.el6.x86_64 as install for ntsysv-1.3.49.3-2.el6_4.1.x86_64
[2016-11-28 21:10:56,492] DEBUG   : Quick matched newt-0.52.11-3.el6.x86_64 to require for libnewt.so.0.52()(64bit)
[2016-11-28 21:10:56,499] DEBUG   : TSINFO: Marking nss-tools-3.15.1-15.el6.x86_64 as install for openldap-2.4.23-32.el6_4.1.x86_64
[2016-11-28 21:10:56,503] DEBUG   : TSINFO: Marking openssh-5.3p1-94.el6.x86_64 as install for openssh-clients-5.3p1-94.el6.x86_64
[2016-11-28 21:10:56,517] DEBUG   : TSINFO: Marking cracklib-dicts-2.8.16-4.el6.x86_64 as install for pam-1.1.1-17.el6.x86_64
[2016-11-28 21:10:56,521] DEBUG   : TSINFO: Marking cracklib-2.8.16-4.el6.x86_64 as install for pam-1.1.1-17.el6.x86_64
[2016-11-28 21:10:56,521] DEBUG   : Quick matched cracklib-2.8.16-4.el6.x86_64 to require for libcrack.so.2()(64bit)
[2016-11-28 21:10:56,527] DEBUG   : TSINFO: Marking paps-libs-0.6.8-13.el6.2.x86_64 as install for paps-0.6.8-13.el6.2.x86_64
[2016-11-28 21:10:56,527] DEBUG   : Quick matched paps-libs-0.6.8-13.el6.2.x86_64 to require for libpaps.so.0()(64bit)
[2016-11-28 21:10:56,535] DEBUG   : TSINFO: Marking libuser-0.56.13-5.el6.x86_64 as install for passwd-0.77-4.el6_2.2.x86_64
[2016-11-28 21:10:56,540] DEBUG   : TSINFO: Marking hwdata-0.233-9.1.el6.noarch as install for pciutils-3.1.10-2.el6.x86_64
[2016-11-28 21:10:56,546] DEBUG   : TSINFO: Marking slang-2.2.1-1.el6.x86_64 as install for perf-2.6.32-431.el6.x86_64
[2016-11-28 21:10:56,547] DEBUG   : Quick matched slang-2.2.1-1.el6.x86_64 to require for libslang.so.2()(64bit)
[2016-11-28 21:10:56,549] DEBUG   : TSINFO: Marking 4:perl-libs-5.10.1-136.el6.x86_64 as install for perf-2.6.32-431.el6.x86_64
[2016-11-28 21:10:56,551] DEBUG   : TSINFO: Marking xdg-utils-1.0.2-17.20091016cvs.el6.noarch as install for pinfo-0.6.9-12.el6.x86_64
[2016-11-28 21:10:56,558] DEBUG   : TSINFO: Marking plymouth-core-libs-0.8.3-27.el6.centos.x86_64 as install for plymouth-0.8.3-27.el6.centos.x86_64
[2016-11-28 21:10:56,559] DEBUG   : TSINFO: Marking plymouth-scripts-0.8.3-27.el6.centos.x86_64 as install for plymouth-0.8.3-27.el6.centos.x86_64
[2016-11-28 21:10:56,560] DEBUG   : Quick matched plymouth-core-libs-0.8.3-27.el6.centos.x86_64 to require for libply-splash-core.so.2()(64bit)
[2016-11-28 21:10:56,561] DEBUG   : TSINFO: Marking libdrm-2.4.45-2.el6.x86_64 as install for plymouth-0.8.3-27.el6.centos.x86_64
[2016-11-28 21:10:56,561] DEBUG   : Quick matched libdrm-2.4.45-2.el6.x86_64 to require for libdrm_nouveau.so.1()(64bit)
[2016-11-28 21:10:56,562] DEBUG   : Quick matched libdrm-2.4.45-2.el6.x86_64 to require for libdrm_intel.so.1()(64bit)
[2016-11-28 21:10:56,562] DEBUG   : Quick matched libdrm-2.4.45-2.el6.x86_64 to require for libdrm.so.2()(64bit)
[2016-11-28 21:10:56,564] DEBUG   : TSINFO: Marking hdparm-9.43-4.el6.x86_64 as install for pm-utils-1.2.5-10.el6.x86_64
[2016-11-28 21:10:56,565] DEBUG   : TSINFO: Marking hal-0.5.14-11.el6.x86_64 as install for pm-utils-1.2.5-10.el6.x86_64
[2016-11-28 21:10:56,570] DEBUG   : TSINFO: Marking libselinux-utils-2.0.94-5.3.el6_4.1.x86_64 as install for policycoreutils-2.0.83-19.39.el6.x86_64
[2016-11-28 21:10:56,572] DEBUG   : TSINFO: Marking libsemanage-2.0.43-4.2.el6.x86_64 as install for policycoreutils-2.0.83-19.39.el6.x86_64
[2016-11-28 21:10:56,573] DEBUG   : TSINFO: Marking checkpolicy-2.0.22-1.el6.x86_64 as install for policycoreutils-2.0.83-19.39.el6.x86_64
[2016-11-28 21:10:56,574] DEBUG   : TSINFO: Marking diffutils-2.8.1-28.el6.x86_64 as install for policycoreutils-2.0.83-19.39.el6.x86_64
[2016-11-28 21:10:56,585] DEBUG   : TSINFO: Marking cyrus-sasl-2.1.23-13.el6_3.1.x86_64 as install for 2:postfix-2.6.6-2.2.el6_1.x86_64
[2016-11-28 21:10:56,590] DEBUG   : TSINFO: Marking pcre-7.8-6.el6.x86_64 as install for 2:postfix-2.6.6-2.2.el6_1.x86_64
[2016-11-28 21:10:56,595] DEBUG   : TSINFO: Marking mysql-libs-5.1.71-1.el6.x86_64 as install for 2:postfix-2.6.6-2.2.el6_1.x86_64
[2016-11-28 21:10:56,596] DEBUG   : Quick matched mysql-libs-5.1.71-1.el6.x86_64 to require for libmysqlclient.so.16(libmysqlclient_16)(64bit)
[2016-11-28 21:10:56,601] DEBUG   : TSINFO: Marking libnl-1.1.4-2.el6.x86_64 as install for powertop-2.3-3.el6.x86_64
[2016-11-28 21:10:56,607] DEBUG   : TSINFO: Marking 14:libpcap-1.4.0-1.20130826git2dbcaa1.el6.x86_64 as install for ppp-2.4.5-5.el6.x86_64
[2016-11-28 21:10:56,608] DEBUG   : Quick matched 14:libpcap-1.4.0-1.20130826git2dbcaa1.el6.x86_64 to require for libpcap.so.1()(64bit)
[2016-11-28 21:10:56,611] DEBUG   : TSINFO: Marking ptouch-driver-1.3-2.1.el6.x86_64 as install for printer-filters-1.1-4.1.el6.noarch
[2016-11-28 21:10:56,613] DEBUG   : TSINFO: Marking psutils-1.17-34.el6.x86_64 as install for printer-filters-1.1-4.1.el6.noarch
[2016-11-28 21:10:56,615] DEBUG   : TSINFO: Marking 1:pnm2ppa-1.04-19.el6.x86_64 as install for printer-filters-1.1-4.1.el6.noarch
[2016-11-28 21:10:56,616] DEBUG   : TSINFO: Marking pbm2l7k-990321-8.el6.x86_64 as install for printer-filters-1.1-4.1.el6.noarch
[2016-11-28 21:10:56,616] DEBUG   : TSINFO: Marking pbm2l2030-1.4-5.1.el6.x86_64 as install for printer-filters-1.1-4.1.el6.noarch
[2016-11-28 21:10:56,617] DEBUG   : TSINFO: Marking min12xxw-0.0.9-5.1.el6.x86_64 as install for printer-filters-1.1-4.1.el6.noarch
[2016-11-28 21:10:56,618] DEBUG   : TSINFO: Marking lx-20030328-5.1.el6.x86_64 as install for printer-filters-1.1-4.1.el6.noarch
[2016-11-28 21:10:56,619] DEBUG   : TSINFO: Marking cjet-0.8.9-9.1.el6.x86_64 as install for printer-filters-1.1-4.1.el6.noarch
[2016-11-28 21:10:56,620] DEBUG   : TSINFO: Marking c2070-0.99-7.el6.x86_64 as install for printer-filters-1.1-4.1.el6.noarch
[2016-11-28 21:10:56,621] DEBUG   : TSINFO: Marking c2050-0.3b-3.1.el6.x86_64 as install for printer-filters-1.1-4.1.el6.noarch
[2016-11-28 21:10:56,628] DEBUG   : TSINFO: Marking tcp_wrappers-7.6-57.el6.x86_64 as install for 1:quota-3.17-20.el6.x86_64
[2016-11-28 21:10:56,637] DEBUG   : TSINFO: Marking redhat-lsb-printing-4.0-7.el6.centos.x86_64 as install for redhat-lsb-4.0-7.el6.centos.x86_64
[2016-11-28 21:10:56,638] DEBUG   : TSINFO: Marking redhat-lsb-graphics-4.0-7.el6.centos.x86_64 as install for redhat-lsb-4.0-7.el6.centos.x86_64
[2016-11-28 21:10:56,640] DEBUG   : TSINFO: Marking redhat-lsb-core-4.0-7.el6.centos.x86_64 as install for redhat-lsb-4.0-7.el6.centos.x86_64
[2016-11-28 21:10:56,642] DEBUG   : TSINFO: Marking redhat-lsb-compat-4.0-7.el6.centos.x86_64 as install for redhat-lsb-4.0-7.el6.centos.x86_64
[2016-11-28 21:10:56,649] DEBUG   : TSINFO: Marking db4-utils-4.7.25-18.el6_4.x86_64 as install for rpm-4.8.0-37.el6.x86_64
[2016-11-28 21:10:56,651] DEBUG   : TSINFO: Marking rpm-libs-4.8.0-37.el6.x86_64 as install for rpm-4.8.0-37.el6.x86_64
[2016-11-28 21:10:56,652] DEBUG   : Quick matched rpm-libs-4.8.0-37.el6.x86_64 to require for librpmbuild.so.1()(64bit)
[2016-11-28 21:10:56,652] DEBUG   : Quick matched rpm-libs-4.8.0-37.el6.x86_64 to require for librpm.so.1()(64bit)
[2016-11-28 21:10:56,654] DEBUG   : TSINFO: Marking xz-libs-4.999.9-0.3.beta.20091007git.el6.x86_64 as install for rpm-4.8.0-37.el6.x86_64
[2016-11-28 21:10:56,656] DEBUG   : TSINFO: Marking lua-5.1.4-4.1.el6.x86_64 as install for rpm-4.8.0-37.el6.x86_64
[2016-11-28 21:10:56,675] DEBUG   : TSINFO: Marking samba-common-3.6.9-164.el6.x86_64 as install for samba-client-3.6.9-164.el6.x86_64
[2016-11-28 21:10:56,676] DEBUG   : TSINFO: Marking libtevent-0.9.18-3.el6.x86_64 as install for samba-client-3.6.9-164.el6.x86_64
[2016-11-28 21:10:56,678] DEBUG   : TSINFO: Marking libtdb-1.2.10-1.el6.x86_64 as install for samba-client-3.6.9-164.el6.x86_64
[2016-11-28 21:10:56,679] DEBUG   : Quick matched libtdb-1.2.10-1.el6.x86_64 to require for libtdb.so.1(TDB_1.2.2)(64bit)
[2016-11-28 21:10:56,679] DEBUG   : Quick matched libtdb-1.2.10-1.el6.x86_64 to require for libtdb.so.1(TDB_1.2.1)(64bit)
[2016-11-28 21:10:56,682] DEBUG   : TSINFO: Marking 1:theora-tools-1.1.0-2.el6.x86_64 as install for seekwatcher-0.12-5.el6.noarch
[2016-11-28 21:10:56,683] DEBUG   : TSINFO: Marking python-matplotlib-0.99.1.2-1.el6.x86_64 as install for seekwatcher-0.12-5.el6.noarch
[2016-11-28 21:10:56,685] DEBUG   : TSINFO: Marking selinux-policy-3.7.19-231.el6.noarch as install for selinux-policy-targeted-3.7.19-231.el6.noarch
[2016-11-28 21:10:56,686] DEBUG   : Quick matched selinux-policy-3.7.19-231.el6.noarch to require for selinux-policy
[2016-11-28 21:10:56,689] DEBUG   : TSINFO: Marking usermode-1.102-3.el6.x86_64 as install for setuptool-1.19.9-4.el6.x86_64
[2016-11-28 21:10:56,694] DEBUG   : TSINFO: Marking mailx-12.4-7.el6.x86_64 as install for 1:smartmontools-5.43-1.el6.x86_64
[2016-11-28 21:10:56,697] DEBUG   : TSINFO: Marking 2:tar-1.23-11.el6.x86_64 as install for sos-2.2-47.el6.centos.noarch
[2016-11-28 21:10:56,700] DEBUG   : TSINFO: Marking rpm-python-4.8.0-37.el6.x86_64 as install for sos-2.2-47.el6.centos.noarch
[2016-11-28 21:10:56,701] DEBUG   : TSINFO: Marking libxml2-python-2.7.6-14.el6.x86_64 as install for sos-2.2-47.el6.centos.noarch
[2016-11-28 21:10:56,709] DEBUG   : TSINFO: Marking perl-URI-1.40-2.el6.noarch as install for subversion-1.6.11-9.el6_4.x86_64
[2016-11-28 21:10:56,712] DEBUG   : TSINFO: Marking apr-1.3.9-5.el6_2.x86_64 as install for subversion-1.6.11-9.el6_4.x86_64
[2016-11-28 21:10:56,713] DEBUG   : TSINFO: Marking sqlite-3.6.20-1.el6.x86_64 as install for subversion-1.6.11-9.el6_4.x86_64
[2016-11-28 21:10:56,717] DEBUG   : TSINFO: Marking neon-0.29.3-3.el6_4.x86_64 as install for subversion-1.6.11-9.el6_4.x86_64
[2016-11-28 21:10:56,719] DEBUG   : TSINFO: Marking apr-util-1.3.9-3.el6_0.1.x86_64 as install for subversion-1.6.11-9.el6_4.x86_64
[2016-11-28 21:10:56,729] DEBUG   : TSINFO: Marking python-iwlib-0.1-1.2.el6.x86_64 as install for system-config-network-tui-1.6.0.el6.2-1.el6.noarch
[2016-11-28 21:10:56,730] DEBUG   : TSINFO: Marking python-ethtool-0.6-5.el6.x86_64 as install for system-config-network-tui-1.6.0.el6.2-1.el6.noarch
[2016-11-28 21:10:56,731] DEBUG   : TSINFO: Marking dbus-python-0.83.0-6.1.el6.x86_64 as install for system-config-network-tui-1.6.0.el6.2-1.el6.noarch
[2016-11-28 21:10:56,736] DEBUG   : TSINFO: Marking system-config-printer-libs-1.1.16-23.el6.x86_64 as install for system-config-printer-1.1.16-23.el6.x86_64
[2016-11-28 21:10:56,737] DEBUG   : TSINFO: Marking pygtk2-2.16.0-3.el6.x86_64 as install for system-config-printer-1.1.16-23.el6.x86_64
[2016-11-28 21:10:56,738] DEBUG   : TSINFO: Marking desktop-file-utils-0.15-9.el6.x86_64 as install for system-config-printer-1.1.16-23.el6.x86_64
[2016-11-28 21:10:56,739] DEBUG   : TSINFO: Marking pygtk2-libglade-2.16.0-3.el6.x86_64 as install for system-config-printer-1.1.16-23.el6.x86_64
[2016-11-28 21:10:56,742] DEBUG   : TSINFO: Marking pygobject2-2.20.0-5.el6.x86_64 as install for system-config-printer-1.1.16-23.el6.x86_64
[2016-11-28 21:10:56,743] DEBUG   : TSINFO: Marking notify-python-0.1.1-10.el6.x86_64 as install for system-config-printer-1.1.16-23.el6.x86_64
[2016-11-28 21:10:56,746] DEBUG   : TSINFO: Marking gnome-python2-gnomekeyring-2.28.0-5.el6.x86_64 as install for system-config-printer-1.1.16-23.el6.x86_64
[2016-11-28 21:10:56,748] DEBUG   : TSINFO: Marking gnome-icon-theme-2.28.0-2.el6.noarch as install for system-config-printer-1.1.16-23.el6.x86_64
[2016-11-28 21:10:56,749] DEBUG   : TSINFO: Marking notification-daemon-0.5.0-1.el6.x86_64 as install for system-config-printer-1.1.16-23.el6.x86_64
[2016-11-28 21:10:56,750] DEBUG   : TSINFO: Marking 1:dbus-x11-1.2.24-7.el6_3.x86_64 as install for system-config-printer-1.1.16-23.el6.x86_64
[2016-11-28 21:10:56,752] DEBUG   : TSINFO: Marking systemtap-devel-2.3-3.el6.x86_64 as install for systemtap-2.3-3.el6.x86_64
[2016-11-28 21:10:56,753] DEBUG   : TSINFO: Marking systemtap-client-2.3-3.el6.x86_64 as install for systemtap-2.3-3.el6.x86_64
[2016-11-28 21:10:56,767] DEBUG   : TSINFO: Marking libusb1-1.0.9-0.6.rc1.el6.x86_64 as install for usbutils-003-4.el6.x86_64
[2016-11-28 21:10:56,772] DEBUG   : TSINFO: Marking libutempter-1.1.5-4.1.el6.x86_64 as install for util-linux-ng-2.17.2-12.14.el6.x86_64
[2016-11-28 21:10:56,772] DEBUG   : Quick matched libutempter-1.1.5-4.1.el6.x86_64 to require for libutempter.so.0()(64bit)
[2016-11-28 21:10:56,776] DEBUG   : TSINFO: Marking 2:vim-common-7.2.411-1.8.el6.x86_64 as install for 2:vim-enhanced-7.2.411-1.8.el6.x86_64
[2016-11-28 21:10:56,779] DEBUG   : TSINFO: Marking gpm-libs-1.20.6-12.el6.x86_64 as install for 2:vim-enhanced-7.2.411-1.8.el6.x86_64
[2016-11-28 21:10:56,784] DEBUG   : TSINFO: Marking 1:dmidecode-2.11-2.el6.x86_64 as install for virt-what-1.11-1.2.el6.x86_64
[2016-11-28 21:10:56,787] DEBUG   : TSINFO: Marking crda-1.1.1_2010.11.22-1.el6.x86_64 as install for 1:wireless-tools-29-5.1.1.el6.x86_64
[2016-11-28 21:10:56,791] DEBUG   : TSINFO: Marking libwvstreams-4.6-6.el6.x86_64 as install for wvdial-1.60-12.el6.x86_64
[2016-11-28 21:10:56,791] DEBUG   : Quick matched libwvstreams-4.6-6.el6.x86_64 to require for libwvstreams.so.4.6()(64bit)
[2016-11-28 21:10:56,791] DEBUG   : Quick matched libwvstreams-4.6-6.el6.x86_64 to require for libwvbase.so.4.6()(64bit)
[2016-11-28 21:10:56,791] DEBUG   : Quick matched libwvstreams-4.6-6.el6.x86_64 to require for libuniconf.so.4.6()(64bit)
[2016-11-28 21:10:56,796] DEBUG   : TSINFO: Marking yum-metadata-parser-1.1.2-16.el6.x86_64 as install for yum-3.2.29-40.el6.centos.noarch
[2016-11-28 21:10:56,797] DEBUG   : TSINFO: Marking python-urlgrabber-3.9.1-9.el6.noarch as install for yum-3.2.29-40.el6.centos.noarch
[2016-11-28 21:10:56,798] DEBUG   : TSINFO: Marking yum-plugin-fastestmirror-1.1.30-14.el6.noarch as install for yum-3.2.29-40.el6.centos.noarch
[2016-11-28 21:10:56,799] DEBUG   : TSINFO: Marking python-iniparse-0.3.1-2.1.el6.noarch as install for yum-3.2.29-40.el6.centos.noarch
[2016-11-28 21:10:56,800] DEBUG   : TSINFO: Marking pygpgme-0.1-18.20090824bzr68.el6.x86_64 as install for yum-3.2.29-40.el6.centos.noarch
[2016-11-28 21:10:56,823] DEBUG   : TSINFO: Marking p11-kit-trust-0.18.5-2.el6.x86_64 as install for ca-certificates-2013.1.94-65.0.el6.noarch
[2016-11-28 21:10:56,828] DEBUG   : TSINFO: Marking p11-kit-0.18.5-2.el6.x86_64 as install for ca-certificates-2013.1.94-65.0.el6.noarch
[2016-11-28 21:10:56,834] DEBUG   : TSINFO: Marking pixman-0.26.2-5.el6_4.x86_64 as install for cairo-1.8.8-3.1.el6.x86_64
[2016-11-28 21:10:56,839] DEBUG   : TSINFO: Marking ppl-0.10.2-11.el6.x86_64 as install for cloog-ppl-0.15.7-1.2.el6.x86_64
[2016-11-28 21:10:56,840] DEBUG   : Quick matched ppl-0.10.2-11.el6.x86_64 to require for libppl.so.7()(64bit)
[2016-11-28 21:10:56,843] DEBUG   : TSINFO: Marking kernel-headers-2.6.32-431.el6.x86_64 as install for 1:compat-glibc-headers-2.5-46.2.x86_64
[2016-11-28 21:10:56,847] DEBUG   : TSINFO: Marking iw-3.10-1.1.el6.x86_64 as install for crda-1.1.1_2010.11.22-1.el6.x86_64
[2016-11-28 21:10:56,856] DEBUG   : TSINFO: Marking libtiff-3.9.4-9.el6_3.x86_64 as install for 1:cups-libs-1.4.2-50.el6_4.5.x86_64
[2016-11-28 21:10:56,859] DEBUG   : TSINFO: Marking libssh2-1.4.2-1.el6.x86_64 as install for curl-7.19.7-37.el6_4.x86_64
[2016-11-28 21:10:56,874] DEBUG   : TSINFO: Marking sgpio-1.2.0.10-5.el6.x86_64 as install for dmraid-events-1.0.0.rc16-11.el6.x86_64
[2016-11-28 21:10:56,875] DEBUG   : TSINFO: Marking device-mapper-event-1.02.79-8.el6.x86_64 as install for dmraid-events-1.0.0.rc16-11.el6.x86_64
[2016-11-28 21:10:56,880] DEBUG   : TSINFO: Marking dash-0.5.5.1-4.el6.x86_64 as install for dracut-004-335.el6.noarch
[2016-11-28 21:10:56,886] DEBUG   : TSINFO: Marking 1:tcl-8.5.7-6.el6.x86_64 as install for environment-modules-3.2.9c-6.el6.x86_64
[2016-11-28 21:10:56,890] DEBUG   : TSINFO: Marking fipscheck-1.2.0-7.el6.x86_64 as install for fipscheck-lib-1.2.0-7.el6.x86_64
[2016-11-28 21:10:56,895] DEBUG   : TSINFO: Marking libfprint-0.1.0-19.pre2.el6.x86_64 as install for fprintd-0.1-21.git04fd09cfa.el6.x86_64
[2016-11-28 21:10:56,902] DEBUG   : TSINFO: Marking gettext-libs-0.17-16.el6.x86_64 as install for gettext-devel-0.17-16.el6.x86_64
[2016-11-28 21:10:56,903] DEBUG   : Quick matched gettext-libs-0.17-16.el6.x86_64 to require for libgettextpo.so.0()(64bit)
[2016-11-28 21:10:56,904] DEBUG   : TSINFO: Marking libgcj-4.4.7-4.el6.x86_64 as install for gettext-devel-0.17-16.el6.x86_64
[2016-11-28 21:10:56,908] DEBUG   : TSINFO: Marking urw-fonts-2.4-10.el6.noarch as install for ghostscript-8.70-19.el6.x86_64
[2016-11-28 21:10:56,911] DEBUG   : TSINFO: Marking ghostscript-fonts-5.50-23.1.el6.noarch as install for ghostscript-8.70-19.el6.x86_64
[2016-11-28 21:10:56,914] DEBUG   : TSINFO: Marking jasper-libs-1.900.1-15.el6_1.1.x86_64 as install for ghostscript-8.70-19.el6.x86_64
[2016-11-28 21:10:56,916] DEBUG   : TSINFO: Marking libXt-1.1.3-1.el6.x86_64 as install for ghostscript-8.70-19.el6.x86_64
[2016-11-28 21:10:56,918] DEBUG   : TSINFO: Marking libSM-1.2.1-2.el6.x86_64 as install for ghostscript-8.70-19.el6.x86_64
[2016-11-28 21:10:56,920] DEBUG   : TSINFO: Marking libICE-1.0.6-1.el6.x86_64 as install for ghostscript-8.70-19.el6.x86_64
[2016-11-28 21:10:56,923] DEBUG   : TSINFO: Marking shared-mime-info-0.70-4.el6.x86_64 as install for glib2-2.26.1-3.el6.x86_64
[2016-11-28 21:10:56,925] DEBUG   : TSINFO: Marking gamin-0.1.10-9.el6.x86_64 as install for glib2-2.26.1-3.el6.x86_64
[2016-11-28 21:10:56,929] DEBUG   : TSINFO: Marking nss-softokn-freebl-3.14.3-9.el6.i686 as install for glibc-2.12-1.132.el6.i686
[2016-11-28 21:10:56,930] DEBUG   : Quick matched nss-softokn-freebl-3.14.3-9.el6.i686 to require for libfreebl3.so
[2016-11-28 21:10:56,932] DEBUG   : TSINFO: Marking tzdata-2013g-1.el6.noarch as install for glibc-common-2.12-1.132.el6.x86_64
[2016-11-28 21:10:56,936] DEBUG   : TSINFO: Marking glibc-headers-2.12-1.132.el6.x86_64 as install for glibc-devel-2.12-1.132.el6.x86_64
[2016-11-28 21:10:56,936] DEBUG   : Quick matched glibc-headers-2.12-1.132.el6.x86_64 to require for glibc-headers
[2016-11-28 21:10:56,938] DEBUG   : TSINFO: Marking hicolor-icon-theme-0.11-1.1.el6.noarch as install for gnome-icon-theme-2.28.0-2.el6.noarch
[2016-11-28 21:10:56,941] DEBUG   : TSINFO: Marking gnome-python2-desktop-2.28.0-5.el6.x86_64 as install for gnome-python2-gnomekeyring-2.28.0-5.el6.x86_64
[2016-11-28 21:10:56,945] DEBUG   : TSINFO: Marking gnome-keyring-2.28.2-8.el6_3.x86_64 as install for gnome-python2-gnomekeyring-2.28.0-5.el6.x86_64
[2016-11-28 21:10:56,946] DEBUG   : Quick matched gnome-keyring-2.28.2-8.el6_3.x86_64 to require for libgnome-keyring.so.0()(64bit)
[2016-11-28 21:10:56,950] DEBUG   : TSINFO: Marking libtasn1-2.3-3.el6_2.1.x86_64 as install for gnutls-2.8.5-10.el6_4.2.x86_64
[2016-11-28 21:10:56,950] DEBUG   : Quick matched libtasn1-2.3-3.el6_2.1.x86_64 to require for libtasn1.so.3()(64bit)
[2016-11-28 21:10:56,962] DEBUG   : TSINFO: Marking libXrandr-1.4.0-1.el6.x86_64 as install for gtk2-2.20.1-4.el6.x86_64
[2016-11-28 21:10:56,963] DEBUG   : Quick matched libXrandr-1.4.0-1.el6.x86_64 to require for libXrandr.so.2()(64bit)
[2016-11-28 21:10:56,964] DEBUG   : TSINFO: Marking libXinerama-1.1.2-2.el6.x86_64 as install for gtk2-2.20.1-4.el6.x86_64
[2016-11-28 21:10:56,966] DEBUG   : TSINFO: Marking libXfixes-5.0-3.el6.x86_64 as install for gtk2-2.20.1-4.el6.x86_64
[2016-11-28 21:10:56,968] DEBUG   : TSINFO: Marking libXdamage-1.1.3-4.el6.x86_64 as install for gtk2-2.20.1-4.el6.x86_64
[2016-11-28 21:10:56,970] DEBUG   : TSINFO: Marking libXcursor-1.1.13-6.20130524git8f677eaea.el6.x86_64 as install for gtk2-2.20.1-4.el6.x86_64
[2016-11-28 21:10:56,971] DEBUG   : TSINFO: Marking libXcomposite-0.4.3-4.el6.x86_64 as install for gtk2-2.20.1-4.el6.x86_64
[2016-11-28 21:10:56,980] DEBUG   : TSINFO: Marking hal-libs-0.5.14-11.el6.x86_64 as install for hal-0.5.14-11.el6.x86_64
[2016-11-28 21:10:56,981] DEBUG   : TSINFO: Marking ConsoleKit-0.4.1-3.el6.x86_64 as install for hal-0.5.14-11.el6.x86_64
[2016-11-28 21:10:56,983] DEBUG   : TSINFO: Marking hal-info-20090716-3.1.el6.noarch as install for hal-0.5.14-11.el6.x86_64
[2016-11-28 21:10:56,983] DEBUG   : Quick matched hal-libs-0.5.14-11.el6.x86_64 to require for libhal-storage.so.1()(64bit)
[2016-11-28 21:10:56,986] DEBUG   : TSINFO: Marking hplip-common-3.12.4-4.el6_4.1.x86_64 as install for hplip-libs-3.12.4-4.el6_4.1.x86_64
[2016-11-28 21:10:56,995] DEBUG   : TSINFO: Marking sane-backends-libs-gphoto2-1.0.21-3.el6.x86_64 as install for hplip-libs-3.12.4-4.el6_4.1.x86_64
[2016-11-28 21:10:57,001] DEBUG   : TSINFO: Marking libX11-common-1.5.0-4.el6.noarch as install for libX11-1.5.0-4.el6.x86_64
[2016-11-28 21:10:57,003] DEBUG   : TSINFO: Marking libxcb-1.8.1-1.el6.x86_64 as install for libX11-1.5.0-4.el6.x86_64
[2016-11-28 21:10:57,017] DEBUG   : TSINFO: Marking libpciaccess-0.13.1-2.el6.x86_64 as install for libdrm-2.4.45-2.el6.x86_64
[2016-11-28 21:10:57,032] DEBUG   : TSINFO: Marking libreport-python-2.0.9-19.el6.centos.x86_64 as install for libreport-2.0.9-19.el6.centos.x86_64
[2016-11-28 21:10:57,105] DEBUG   : TSINFO: Marking libreport-plugin-reportuploader-2.0.9-19.el6.centos.x86_64 as install for libreport-2.0.9-19.el6.centos.x86_64
[2016-11-28 21:10:57,106] DEBUG   : TSINFO: Marking libreport-compat-2.0.9-19.el6.centos.x86_64 as install for libreport-2.0.9-19.el6.centos.x86_64
[2016-11-28 21:10:57,108] DEBUG   : TSINFO: Marking xmlrpc-c-client-1.16.24-1210.1840.el6.x86_64 as install for libreport-2.0.9-19.el6.centos.x86_64
[2016-11-28 21:10:57,110] DEBUG   : TSINFO: Marking xmlrpc-c-1.16.24-1210.1840.el6.x86_64 as install for libreport-2.0.9-19.el6.centos.x86_64
[2016-11-28 21:10:57,111] DEBUG   : TSINFO: Marking libproxy-0.3.0-4.el6_3.x86_64 as install for libreport-2.0.9-19.el6.centos.x86_64
[2016-11-28 21:10:57,153] DEBUG   : TSINFO: Marking libtar-1.2.11-17.el6_4.1.x86_64 as install for libreport-plugin-rhtsupport-2.0.9-19.el6.centos.x86_64
[2016-11-28 21:10:57,157] DEBUG   : TSINFO: Marking ustr-1.0.4-9.1.el6.x86_64 as install for libsemanage-2.0.43-4.2.el6.x86_64
[2016-11-28 21:10:57,158] DEBUG   : Quick matched ustr-1.0.4-9.1.el6.x86_64 to require for libustr-1.0.so.1(USTR_1.0)(64bit)
[2016-11-28 21:10:57,158] DEBUG   : Quick matched ustr-1.0.4-9.1.el6.x86_64 to require for libustr-1.0.so.1()(64bit)
[2016-11-28 21:10:57,194] DEBUG   : TSINFO: Marking pakchois-0.4-3.2.el6.x86_64 as install for neon-0.29.3-3.el6_4.x86_64
[2016-11-28 21:10:57,201] DEBUG   : TSINFO: Marking lm_sensors-libs-3.1.1-17.el6.x86_64 as install for 1:net-snmp-5.5-49.el6.x86_64
[2016-11-28 21:10:57,212] DEBUG   : TSINFO: Marking GConf2-2.28.0-6.el6.x86_64 as install for notification-daemon-0.5.0-1.el6.x86_64
[2016-11-28 21:10:57,212] DEBUG   : Quick matched GConf2-2.28.0-6.el6.x86_64 to require for GConf2
[2016-11-28 21:10:57,214] DEBUG   : TSINFO: Marking libwnck-2.28.0-3.el6.x86_64 as install for notification-daemon-0.5.0-1.el6.x86_64
[2016-11-28 21:10:57,218] DEBUG   : TSINFO: Marking libcanberra-0.22-1.el6.centos.x86_64 as install for notification-daemon-0.5.0-1.el6.x86_64
[2016-11-28 21:10:57,220] DEBUG   : TSINFO: Marking libcanberra-gtk2-0.22-1.el6.centos.x86_64 as install for notification-daemon-0.5.0-1.el6.x86_64
[2016-11-28 21:10:57,225] DEBUG   : TSINFO: Marking libnotify-0.5.0-1.el6.x86_64 as install for notify-python-0.1.1-10.el6.x86_64
[2016-11-28 21:10:57,226] DEBUG   : Quick matched libnotify-0.5.0-1.el6.x86_64 to require for libnotify.so.1()(64bit)
[2016-11-28 21:10:57,245] DEBUG   : TSINFO: Marking libthai-0.1.12-3.el6.x86_64 as install for pango-1.28.1-7.el6_3.x86_64
[2016-11-28 21:10:57,246] DEBUG   : Quick matched libthai-0.1.12-3.el6.x86_64 to require for libthai.so.0(LIBTHAI_0.1)(64bit)
[2016-11-28 21:10:57,246] DEBUG   : Quick matched libthai-0.1.12-3.el6.x86_64 to require for libthai.so.0()(64bit)
[2016-11-28 21:10:57,247] DEBUG   : TSINFO: Marking libXft-2.3.1-2.el6.x86_64 as install for pango-1.28.1-7.el6_3.x86_64
[2016-11-28 21:10:57,257] DEBUG   : TSINFO: Marking 3:perl-version-0.77-136.el6.x86_64 as install for 4:perl-5.10.1-136.el6.x86_64
[2016-11-28 21:10:57,259] DEBUG   : TSINFO: Marking 1:perl-Pod-Simple-3.13-136.el6.x86_64 as install for 4:perl-5.10.1-136.el6.x86_64
[2016-11-28 21:10:57,260] DEBUG   : TSINFO: Marking 1:perl-Module-Pluggable-3.90-136.el6.x86_64 as install for 4:perl-5.10.1-136.el6.x86_64
[2016-11-28 21:10:57,262] DEBUG   : TSINFO: Marking gdbm-1.8.0-36.el6.x86_64 as install for 4:perl-5.10.1-136.el6.x86_64
[2016-11-28 21:10:57,267] DEBUG   : TSINFO: Marking perl-libwww-perl-5.833-2.el6.noarch as install for perl-XML-Parser-2.36-7.el6.x86_64
[2016-11-28 21:10:57,274] DEBUG   : TSINFO: Marking eggdbus-0.6-3.el6.x86_64 as install for polkit-0.96-5.el6_4.x86_64
[2016-11-28 21:10:57,280] DEBUG   : TSINFO: Marking poppler-0.12.4-3.el6_0.1.x86_64 as install for poppler-utils-0.12.4-3.el6_0.1.x86_64
[2016-11-28 21:10:57,281] DEBUG   : Quick matched poppler-0.12.4-3.el6_0.1.x86_64 to require for libpoppler.so.5()(64bit)
[2016-11-28 21:10:57,283] DEBUG   : TSINFO: Marking openjpeg-libs-1.3-9.el6_3.x86_64 as install for poppler-utils-0.12.4-3.el6_0.1.x86_64
[2016-11-28 21:10:57,286] DEBUG   : TSINFO: Marking lcms-libs-1.19-1.el6.x86_64 as install for poppler-utils-0.12.4-3.el6_0.1.x86_64
[2016-11-28 21:10:57,293] DEBUG   : TSINFO: Marking libsndfile-1.0.20-5.el6.x86_64 as install for pulseaudio-libs-0.9.21-14.el6_3.x86_64
[2016-11-28 21:10:57,294] DEBUG   : Quick matched libsndfile-1.0.20-5.el6.x86_64 to require for libsndfile.so.1()(64bit)
[2016-11-28 21:10:57,295] DEBUG   : TSINFO: Marking libasyncns-0.8-1.1.el6.x86_64 as install for pulseaudio-libs-0.9.21-14.el6_3.x86_64
[2016-11-28 21:10:57,300] DEBUG   : TSINFO: Marking gpgme-1.1.8-3.el6.x86_64 as install for pygpgme-0.1-18.20090824bzr68.el6.x86_64
[2016-11-28 21:10:57,300] DEBUG   : Quick matched gpgme-1.1.8-3.el6.x86_64 to require for libgpgme.so.11(GPGME_1.0)(64bit)
[2016-11-28 21:10:57,301] DEBUG   : Quick matched gpgme-1.1.8-3.el6.x86_64 to require for libgpgme.so.11()(64bit)
[2016-11-28 21:10:57,304] DEBUG   : TSINFO: Marking pycairo-1.8.6-2.1.el6.x86_64 as install for pygtk2-2.16.0-3.el6.x86_64
[2016-11-28 21:10:57,308] DEBUG   : TSINFO: Marking libglade2-2.6.4-3.1.el6.x86_64 as install for pygtk2-libglade-2.16.0-3.el6.x86_64
[2016-11-28 21:10:57,316] DEBUG   : TSINFO: Marking libffi-3.0.5-3.2.el6.x86_64 as install for python-libs-2.6.6-51.el6.x86_64
[2016-11-28 21:10:57,320] DEBUG   : TSINFO: Marking pytz-2010h-2.el6.noarch as install for python-matplotlib-0.99.1.2-1.el6.x86_64
[2016-11-28 21:10:57,321] DEBUG   : TSINFO: Marking python-dateutil-1.4.1-6.el6.noarch as install for python-matplotlib-0.99.1.2-1.el6.x86_64
[2016-11-28 21:10:57,323] DEBUG   : TSINFO: Marking numpy-1.4.1-9.el6.x86_64 as install for python-matplotlib-0.99.1.2-1.el6.x86_64
[2016-11-28 21:10:57,325] DEBUG   : TSINFO: Marking dejavu-sans-fonts-2.30-2.el6.noarch as install for python-matplotlib-0.99.1.2-1.el6.x86_64
[2016-11-28 21:10:57,328] DEBUG   : TSINFO: Marking python-crypto-2.0.1-22.el6.x86_64 as install for python-paramiko-1.7.5-2.1.el6.noarch
[2016-11-28 21:10:57,330] DEBUG   : TSINFO: Marking python-pycurl-7.19.0-8.el6.x86_64 as install for python-urlgrabber-3.9.1-9.el6.noarch
[2016-11-28 21:10:57,368] DEBUG   : TSINFO: Marking perl-Test-Simple-0.92-136.el6.x86_64 as install for redhat-lsb-core-4.0-7.el6.centos.x86_64
[2016-11-28 21:10:57,369] DEBUG   : TSINFO: Marking perl-Test-Harness-3.17-136.el6.x86_64 as install for redhat-lsb-core-4.0-7.el6.centos.x86_64
[2016-11-28 21:10:57,371] DEBUG   : TSINFO: Marking perl-ExtUtils-MakeMaker-6.55-136.el6.x86_64 as install for redhat-lsb-core-4.0-7.el6.centos.x86_64
[2016-11-28 21:10:57,372] DEBUG   : TSINFO: Marking perl-CGI-3.51-136.el6.x86_64 as install for redhat-lsb-core-4.0-7.el6.centos.x86_64
[2016-11-28 21:10:57,373] DEBUG   : TSINFO: Marking pax-3.4-10.1.el6.x86_64 as install for redhat-lsb-core-4.0-7.el6.centos.x86_64
[2016-11-28 21:10:57,381] DEBUG   : TSINFO: Marking qt3-3.3.8b-30.el6.x86_64 as install for redhat-lsb-graphics-4.0-7.el6.centos.x86_64
[2016-11-28 21:10:57,382] DEBUG   : TSINFO: Marking 1:qt-4.6.2-26.el6_4.x86_64 as install for redhat-lsb-graphics-4.0-7.el6.centos.x86_64
[2016-11-28 21:10:57,386] DEBUG   : TSINFO: Marking 1:qt-x11-4.6.2-26.el6_4.x86_64 as install for redhat-lsb-graphics-4.0-7.el6.centos.x86_64
[2016-11-28 21:10:57,389] DEBUG   : TSINFO: Marking mesa-libGLU-9.2-0.5.el6.x86_64 as install for redhat-lsb-graphics-4.0-7.el6.centos.x86_64
[2016-11-28 21:10:57,390] DEBUG   : TSINFO: Marking mesa-libGL-9.2-0.5.el6.x86_64 as install for redhat-lsb-graphics-4.0-7.el6.centos.x86_64
[2016-11-28 21:10:57,394] DEBUG   : TSINFO: Marking jline-0.9.94-0.8.el6.noarch as install for rhino-1.7-0.7.r2.2.el6.noarch
[2016-11-28 21:10:57,408] DEBUG   : TSINFO: Marking samba-winbind-3.6.9-164.el6.x86_64 as install for samba-winbind-clients-3.6.9-164.el6.x86_64
[2016-11-28 21:10:57,417] DEBUG   : TSINFO: Marking libsmbclient-3.6.9-164.el6.x86_64 as install for system-config-printer-libs-1.1.16-23.el6.x86_64
[2016-11-28 21:10:57,436] DEBUG   : TSINFO: Marking 1:libtheora-1.1.0-2.el6.x86_64 as install for 1:theora-tools-1.1.0-2.el6.x86_64
[2016-11-28 21:10:57,436] DEBUG   : Quick matched 1:libtheora-1.1.0-2.el6.x86_64 to require for libtheoraenc.so.1(libtheoraenc_1.0)(64bit)
[2016-11-28 21:10:57,436] DEBUG   : Quick matched 1:libtheora-1.1.0-2.el6.x86_64 to require for libtheoradec.so.1(libtheoradec_1.0)(64bit)
[2016-11-28 21:10:57,438] DEBUG   : TSINFO: Marking 1:libvorbis-1.2.3-4.el6_2.1.x86_64 as install for 1:theora-tools-1.1.0-2.el6.x86_64
[2016-11-28 21:10:57,438] DEBUG   : Quick matched 1:libvorbis-1.2.3-4.el6_2.1.x86_64 to require for libvorbis.so.0()(64bit)
[2016-11-28 21:10:57,438] DEBUG   : Quick matched 1:libtheora-1.1.0-2.el6.x86_64 to require for libtheoradec.so.1()(64bit)
[2016-11-28 21:10:57,440] DEBUG   : TSINFO: Marking 2:libogg-1.1.4-2.1.el6.x86_64 as install for 1:theora-tools-1.1.0-2.el6.x86_64
[2016-11-28 21:10:57,442] DEBUG   : TSINFO: Marking SDL-1.2.14-3.el6.x86_64 as install for 1:theora-tools-1.1.0-2.el6.x86_64
[2016-11-28 21:10:57,446] DEBUG   : TSINFO: Marking MAKEDEV-3.24-6.el6.x86_64 as install for udev-147-2.51.el6.x86_64
[2016-11-28 21:10:57,452] DEBUG   : TSINFO: Marking libnih-1.0.1-7.el6.x86_64 as install for upstart-0.6.5-12.el6_4.1.x86_64
[2016-11-28 21:10:57,452] DEBUG   : Quick matched libnih-1.0.1-7.el6.x86_64 to require for libnih-dbus.so.1(LIBNIH_DBUS_1_0)(64bit)
[2016-11-28 21:10:57,452] DEBUG   : Quick matched libnih-1.0.1-7.el6.x86_64 to require for libnih.so.1()(64bit)
[2016-11-28 21:10:57,453] DEBUG   : Quick matched libnih-1.0.1-7.el6.x86_64 to require for libnih-dbus.so.1()(64bit)
[2016-11-28 21:10:57,456] DEBUG   : TSINFO: Marking ttmkfdir-3.0.9-32.1.el6.x86_64 as install for xorg-x11-fonts-Type1-7.2-9.1.el6.noarch
[2016-11-28 21:10:57,456] DEBUG   : Quick matched ttmkfdir-3.0.9-32.1.el6.x86_64 to require for ttmkfdir
[2016-11-28 21:10:57,457] DEBUG   : TSINFO: Marking 1:xorg-x11-font-utils-7.2-11.el6.x86_64 as install for xorg-x11-fonts-Type1-7.2-9.1.el6.noarch
[2016-11-28 21:10:57,457] DEBUG   : Quick matched 1:xorg-x11-font-utils-7.2-11.el6.x86_64 to require for mkfontdir
[2016-11-28 21:10:57,466] DEBUG   : TSINFO: Marking ConsoleKit-libs-0.4.1-3.el6.x86_64 as install for ConsoleKit-0.4.1-3.el6.x86_64
[2016-11-28 21:10:57,469] DEBUG   : TSINFO: Marking sgml-common-0.6.3-32.el6.noarch as install for GConf2-2.28.0-6.el6.x86_64
[2016-11-28 21:10:57,471] DEBUG   : TSINFO: Marking ORBit2-2.14.17-3.2.el6_3.x86_64 as install for GConf2-2.28.0-6.el6.x86_64
[2016-11-28 21:10:57,474] DEBUG   : TSINFO: Marking dejavu-fonts-common-2.30-2.el6.noarch as install for dejavu-sans-fonts-2.30-2.el6.noarch
[2016-11-28 21:10:57,484] DEBUG   : TSINFO: Marking gnome-python2-canvas-2.28.0-3.el6.x86_64 as install for gnome-python2-desktop-2.28.0-5.el6.x86_64
[2016-11-28 21:10:57,491] DEBUG   : TSINFO: Marking ibus-1.3.4-6.el6.x86_64 as install for ibus-qt-1.3.0-2.el6.x86_64
[2016-11-28 21:10:57,494] DEBUG   : TSINFO: Marking libicu-4.2.1-9.1.el6_2.x86_64 as install for ibus-qt-1.3.0-2.el6.x86_64
[2016-11-28 21:10:57,495] DEBUG   : Quick matched libicu-4.2.1-9.1.el6_2.x86_64 to require for libicui18n.so.42()(64bit)
[2016-11-28 21:10:57,495] DEBUG   : Quick matched libicu-4.2.1-9.1.el6_2.x86_64 to require for libicudata.so.42()(64bit)
[2016-11-28 21:10:57,507] DEBUG   : TSINFO: Marking sound-theme-freedesktop-0.7-3.el6.noarch as install for libcanberra-0.22-1.el6.centos.x86_64
[2016-11-28 21:10:57,510] DEBUG   : TSINFO: Marking gstreamer-0.10.29-1.el6.x86_64 as install for libcanberra-0.22-1.el6.centos.x86_64
[2016-11-28 21:10:57,525] DEBUG   : TSINFO: Marking libart_lgpl-2.3.20-5.1.el6.x86_64 as install for libgcj-4.4.7-4.el6.x86_64
[2016-11-28 21:10:57,529] DEBUG   : TSINFO: Marking xml-common-0.6.3-32.el6.noarch as install for libglade2-2.6.4-3.1.el6.x86_64
[2016-11-28 21:10:57,537] DEBUG   : TSINFO: Marking libproxy-python-0.3.0-4.el6_3.x86_64 as install for libproxy-0.3.0-4.el6_3.x86_64
[2016-11-28 21:10:57,538] DEBUG   : TSINFO: Marking libproxy-bin-0.3.0-4.el6_3.x86_64 as install for libproxy-0.3.0-4.el6_3.x86_64
[2016-11-28 21:10:57,549] DEBUG   : TSINFO: Marking flac-1.2.1-6.1.el6.x86_64 as install for libsndfile-1.0.20-5.el6.x86_64
[2016-11-28 21:10:57,558] DEBUG   : TSINFO: Marking startup-notification-0.10-2.1.el6.x86_64 as install for libwnck-2.28.0-3.el6.x86_64
[2016-11-28 21:10:57,559] DEBUG   : Quick matched startup-notification-0.10-2.1.el6.x86_64 to require for libstartup-notification-1.so.0()(64bit)
[2016-11-28 21:10:57,560] DEBUG   : TSINFO: Marking libXres-1.0.6-2.el6.x86_64 as install for libwnck-2.28.0-3.el6.x86_64
[2016-11-28 21:10:57,563] DEBUG   : TSINFO: Marking libXau-1.0.6-4.el6.x86_64 as install for libxcb-1.8.1-1.el6.x86_64
[2016-11-28 21:10:57,569] DEBUG   : TSINFO: Marking mesa-dri-drivers-9.2-0.5.el6.x86_64 as install for mesa-libGL-9.2-0.5.el6.x86_64
[2016-11-28 21:10:57,570] DEBUG   : Quick matched mesa-dri-drivers-9.2-0.5.el6.x86_64 to require for libglapi.so.0()(64bit)
[2016-11-28 21:10:57,571] DEBUG   : TSINFO: Marking libXxf86vm-1.1.2-2.el6.x86_64 as install for mesa-libGL-9.2-0.5.el6.x86_64
[2016-11-28 21:10:57,575] DEBUG   : TSINFO: Marking python-nose-0.10.4-3.1.el6.noarch as install for numpy-1.4.1-9.el6.x86_64
[2016-11-28 21:10:57,583] DEBUG   : TSINFO: Marking atlas-3.8.4-2.el6.x86_64 as install for numpy-1.4.1-9.el6.x86_64
[2016-11-28 21:10:57,584] DEBUG   : Quick matched atlas-3.8.4-2.el6.x86_64 to require for libptcblas.so.3()(64bit)
[2016-11-28 21:10:57,584] DEBUG   : Quick matched atlas-3.8.4-2.el6.x86_64 to require for liblapack.so.3()(64bit)
[2016-11-28 21:10:57,584] DEBUG   : Quick matched atlas-3.8.4-2.el6.x86_64 to require for libatlas.so.3()(64bit)
[2016-11-28 21:10:57,593] DEBUG   : TSINFO: Marking 4:perl-devel-5.10.1-136.el6.x86_64 as install for perl-ExtUtils-MakeMaker-6.55-136.el6.x86_64
[2016-11-28 21:10:57,596] DEBUG   : TSINFO: Marking 1:perl-Pod-Escapes-1.04-136.el6.x86_64 as install for 1:perl-Pod-Simple-3.13-136.el6.x86_64
[2016-11-28 21:10:57,604] DEBUG   : TSINFO: Marking perl-HTML-Parser-3.64-2.el6.x86_64 as install for perl-libwww-perl-5.833-2.el6.noarch
[2016-11-28 21:10:57,604] DEBUG   : Quick matched perl-HTML-Parser-3.64-2.el6.x86_64 to require for perl(HTML::Entities)
[2016-11-28 21:10:57,606] DEBUG   : TSINFO: Marking perl-Compress-Zlib-2.021-136.el6.x86_64 as install for perl-libwww-perl-5.833-2.el6.noarch
[2016-11-28 21:10:57,607] DEBUG   : TSINFO: Marking mailcap-2.1.31-2.el6.noarch as install for perl-libwww-perl-5.833-2.el6.noarch
[2016-11-28 21:10:57,612] DEBUG   : TSINFO: Marking poppler-data-0.4.0-1.el6.noarch as install for poppler-0.12.4-3.el6_0.1.x86_64
[2016-11-28 21:10:57,627] DEBUG   : TSINFO: Marking 1:qt-sqlite-4.6.2-26.el6_4.x86_64 as install for 1:qt-x11-4.6.2-26.el6_4.x86_64
[2016-11-28 21:10:57,630] DEBUG   : TSINFO: Marking 1:phonon-backend-gstreamer-4.6.2-26.el6_4.x86_64 as install for 1:qt-x11-4.6.2-26.el6_4.x86_64
[2016-11-28 21:10:57,633] DEBUG   : TSINFO: Marking libmng-1.0.10-4.1.el6.x86_64 as install for 1:qt-x11-4.6.2-26.el6_4.x86_64
[2016-11-28 21:10:57,636] DEBUG   : TSINFO: Marking gstreamer-plugins-base-0.10.29-2.el6.x86_64 as install for 1:qt-x11-4.6.2-26.el6_4.x86_64
[2016-11-28 21:10:57,637] DEBUG   : Quick matched gstreamer-plugins-base-0.10.29-2.el6.x86_64 to require for libgstinterfaces-0.10.so.0()(64bit)
[2016-11-28 21:10:57,645] DEBUG   : TSINFO: Marking sane-backends-libs-1.0.21-3.el6.x86_64 as install for sane-backends-libs-gphoto2-1.0.21-3.el6.x86_64
[2016-11-28 21:10:57,648] DEBUG   : TSINFO: Marking libgphoto2-2.4.7-4.el6.x86_64 as install for sane-backends-libs-gphoto2-1.0.21-3.el6.x86_64
[2016-11-28 21:10:57,649] DEBUG   : Quick matched libgphoto2-2.4.7-4.el6.x86_64 to require for libgphoto2.so.2()(64bit)
[2016-11-28 21:10:57,651] DEBUG   : TSINFO: Marking libexif-0.6.21-5.el6_3.x86_64 as install for sane-backends-libs-gphoto2-1.0.21-3.el6.x86_64
[2016-11-28 21:10:57,659] DEBUG   : TSINFO: Marking libfontenc-1.0.5-2.el6.x86_64 as install for 1:xorg-x11-font-utils-7.2-11.el6.x86_64
[2016-11-28 21:10:57,663] DEBUG   : TSINFO: Marking libXfont-1.4.5-2.el6.x86_64 as install for 1:xorg-x11-font-utils-7.2-11.el6.x86_64
[2016-11-28 21:10:57,670] DEBUG   : TSINFO: Marking libIDL-0.8.13-2.1.el6.x86_64 as install for ORBit2-2.14.17-3.2.el6_3.x86_64
[2016-11-28 21:10:57,672] DEBUG   : TSINFO: Marking fontpackages-filesystem-1.41-1.1.el6.noarch as install for dejavu-fonts-common-2.30-2.el6.noarch
[2016-11-28 21:10:57,677] DEBUG   : TSINFO: Marking gnome-python2-2.28.0-3.el6.x86_64 as install for gnome-python2-canvas-2.28.0-3.el6.x86_64
[2016-11-28 21:10:57,680] DEBUG   : TSINFO: Marking libgnomecanvas-2.26.0-4.el6.x86_64 as install for gnome-python2-canvas-2.28.0-3.el6.x86_64
[2016-11-28 21:10:57,680] DEBUG   : Quick matched libgnomecanvas-2.26.0-4.el6.x86_64 to require for libgnomecanvas-2.so.0()(64bit)
[2016-11-28 21:10:57,683] DEBUG   : TSINFO: Marking gstreamer-tools-0.10.29-1.el6.x86_64 as install for gstreamer-0.10.29-1.el6.x86_64
[2016-11-28 21:10:57,693] DEBUG   : TSINFO: Marking liboil-0.3.16-4.1.el6.x86_64 as install for gstreamer-plugins-base-0.10.29-2.el6.x86_64
[2016-11-28 21:10:57,694] DEBUG   : TSINFO: Marking iso-codes-3.16-2.el6.noarch as install for gstreamer-plugins-base-0.10.29-2.el6.x86_64
[2016-11-28 21:10:57,696] DEBUG   : TSINFO: Marking libvisual-0.4.0-9.1.el6.x86_64 as install for gstreamer-plugins-base-0.10.29-2.el6.x86_64
[2016-11-28 21:10:57,698] DEBUG   : TSINFO: Marking libgudev1-147-2.51.el6.x86_64 as install for gstreamer-plugins-base-0.10.29-2.el6.x86_64
[2016-11-28 21:10:57,700] DEBUG   : TSINFO: Marking cdparanoia-libs-10.2-5.1.el6.x86_64 as install for gstreamer-plugins-base-0.10.29-2.el6.x86_64
[2016-11-28 21:10:57,700] DEBUG   : Quick matched cdparanoia-libs-10.2-5.1.el6.x86_64 to require for libcdda_interface.so.0()(64bit)
[2016-11-28 21:10:57,701] DEBUG   : TSINFO: Marking libXv-1.0.7-2.el6.x86_64 as install for gstreamer-plugins-base-0.10.29-2.el6.x86_64
[2016-11-28 21:10:57,708] DEBUG   : TSINFO: Marking ibus-libs-1.3.4-6.el6.x86_64 as install for ibus-1.3.4-6.el6.x86_64
[2016-11-28 21:10:57,711] DEBUG   : TSINFO: Marking ibus-gtk-1.3.4-6.el6.x86_64 as install for ibus-1.3.4-6.el6.x86_64
[2016-11-28 21:10:57,712] DEBUG   : TSINFO: Marking im-chooser-1.3.1-3.el6.x86_64 as install for ibus-1.3.4-6.el6.x86_64
[2016-11-28 21:10:57,713] DEBUG   : TSINFO: Marking pyxdg-0.18-1.el6.noarch as install for ibus-1.3.4-6.el6.x86_64
[2016-11-28 21:10:57,717] DEBUG   : TSINFO: Marking librsvg2-2.26.0-5.el6_1.1.0.1.centos.x86_64 as install for ibus-1.3.4-6.el6.x86_64
[2016-11-28 21:10:57,731] DEBUG   : TSINFO: Marking mesa-dri1-drivers-7.11-8.el6.x86_64 as install for mesa-dri-drivers-9.2-0.5.el6.x86_64
[2016-11-28 21:10:57,734] DEBUG   : TSINFO: Marking mesa-dri-filesystem-9.2-0.5.el6.x86_64 as install for mesa-dri-drivers-9.2-0.5.el6.x86_64
[2016-11-28 21:10:57,736] DEBUG   : TSINFO: Marking mesa-private-llvm-3.3-0.3.rc3.el6.x86_64 as install for mesa-dri-drivers-9.2-0.5.el6.x86_64
[2016-11-28 21:10:57,736] DEBUG   : Quick matched mesa-private-llvm-3.3-0.3.rc3.el6.x86_64 to require for libLLVM-3.3-mesa.so()(64bit)
[2016-11-28 21:10:57,739] DEBUG   : TSINFO: Marking perl-IO-Compress-Zlib-2.021-136.el6.x86_64 as install for perl-Compress-Zlib-2.021-136.el6.x86_64
[2016-11-28 21:10:57,739] DEBUG   : Quick matched perl-IO-Compress-Zlib-2.021-136.el6.x86_64 to require for perl(IO::Compress::Gzip::Constants)
[2016-11-28 21:10:57,740] DEBUG   : Quick matched perl-IO-Compress-Zlib-2.021-136.el6.x86_64 to require for perl(IO::Compress::Gzip)
[2016-11-28 21:10:57,740] DEBUG   : TSINFO: Marking perl-IO-Compress-Base-2.021-136.el6.x86_64 as install for perl-Compress-Zlib-2.021-136.el6.x86_64
[2016-11-28 21:10:57,741] DEBUG   : TSINFO: Marking 1:perl-Compress-Raw-Zlib-2.021-136.el6.x86_64 as install for perl-Compress-Zlib-2.021-136.el6.x86_64
[2016-11-28 21:10:57,743] DEBUG   : TSINFO: Marking perl-HTML-Tagset-3.20-4.el6.noarch as install for perl-HTML-Parser-3.64-2.el6.x86_64
[2016-11-28 21:10:57,745] DEBUG   : Quick matched perl-HTML-Tagset-3.20-4.el6.noarch to require for perl(HTML::Tagset)
[2016-11-28 21:10:57,751] DEBUG   : TSINFO: Marking 1:perl-ExtUtils-ParseXS-2.2003.0-136.el6.x86_64 as install for 4:perl-devel-5.10.1-136.el6.x86_64
[2016-11-28 21:10:57,754] DEBUG   : TSINFO: Marking gdbm-devel-1.8.0-36.el6.x86_64 as install for 4:perl-devel-5.10.1-136.el6.x86_64
[2016-11-28 21:10:57,757] DEBUG   : TSINFO: Marking db4-devel-4.7.25-18.el6_4.x86_64 as install for 4:perl-devel-5.10.1-136.el6.x86_64
[2016-11-28 21:10:57,763] DEBUG   : TSINFO: Marking python-setuptools-0.6.10-3.el6.noarch as install for python-nose-0.10.4-3.1.el6.noarch
[2016-11-28 21:10:57,766] DEBUG   : TSINFO: Marking sane-backends-1.0.21-3.el6.x86_64 as install for sane-backends-libs-1.0.21-3.el6.x86_64
[2016-11-28 21:10:57,768] DEBUG   : TSINFO: Marking libv4l-0.6.3-2.el6.x86_64 as install for sane-backends-libs-1.0.21-3.el6.x86_64
[2016-11-28 21:10:57,770] DEBUG   : TSINFO: Marking libieee1284-0.2.11-9.el6.x86_64 as install for sane-backends-libs-1.0.21-3.el6.x86_64
[2016-11-28 21:10:57,773] DEBUG   : TSINFO: Marking xcb-util-0.3.6-1.el6.x86_64 as install for startup-notification-0.10-2.1.el6.x86_64
[2016-11-28 21:10:57,773] DEBUG   : Quick matched xcb-util-0.3.6-1.el6.x86_64 to require for libxcb-aux.so.0()(64bit)
[2016-11-28 21:10:57,774] DEBUG   : Quick matched xcb-util-0.3.6-1.el6.x86_64 to require for libxcb-atom.so.1()(64bit)
[2016-11-28 21:10:57,780] DEBUG   : TSINFO: Marking db4-cxx-4.7.25-18.el6_4.x86_64 as install for db4-devel-4.7.25-18.el6_4.x86_64
[2016-11-28 21:10:57,781] DEBUG   : Quick matched db4-cxx-4.7.25-18.el6_4.x86_64 to require for libdb_cxx-4.7.so()(64bit)
[2016-11-28 21:10:57,791] DEBUG   : TSINFO: Marking imsettings-0.108.0-3.6.el6.x86_64 as install for im-chooser-1.3.1-3.el6.x86_64
[2016-11-28 21:10:57,793] DEBUG   : TSINFO: Marking imsettings-libs-0.108.0-3.6.el6.x86_64 as install for im-chooser-1.3.1-3.el6.x86_64
[2016-11-28 21:10:57,794] DEBUG   : TSINFO: Marking gnome-vfs2-2.24.2-6.el6.x86_64 as install for im-chooser-1.3.1-3.el6.x86_64
[2016-11-28 21:10:57,796] DEBUG   : TSINFO: Marking libgnomeui-2.24.1-4.el6.x86_64 as install for im-chooser-1.3.1-3.el6.x86_64
[2016-11-28 21:10:57,798] DEBUG   : TSINFO: Marking libgnome-2.28.0-11.el6.x86_64 as install for im-chooser-1.3.1-3.el6.x86_64
[2016-11-28 21:10:57,800] DEBUG   : TSINFO: Marking libbonoboui-2.24.2-3.el6.x86_64 as install for im-chooser-1.3.1-3.el6.x86_64
[2016-11-28 21:10:57,803] DEBUG   : TSINFO: Marking libbonobo-2.24.2-5.el6.x86_64 as install for im-chooser-1.3.1-3.el6.x86_64
[2016-11-28 21:10:57,803] DEBUG   : Quick matched libbonobo-2.24.2-5.el6.x86_64 to require for libbonobo-2.so.0()(64bit)
[2016-11-28 21:10:57,816] DEBUG   : TSINFO: Marking libgsf-1.14.15-5.el6.x86_64 as install for librsvg2-2.26.0-5.el6_1.1.0.1.centos.x86_64
[2016-11-28 21:10:57,817] DEBUG   : Quick matched libgsf-1.14.15-5.el6.x86_64 to require for libgsf-1.so.114()(64bit)
[2016-11-28 21:10:57,818] DEBUG   : TSINFO: Marking libcroco-0.6.2-5.el6.x86_64 as install for librsvg2-2.26.0-5.el6_1.1.0.1.centos.x86_64
[2016-11-28 21:10:57,843] DEBUG   : TSINFO: Marking avahi-glib-0.6.25-12.el6.x86_64 as install for gnome-vfs2-2.24.2-6.el6.x86_64
[2016-11-28 21:10:57,847] DEBUG   : TSINFO: Marking xorg-x11-xinit-1.0.9-14.el6.x86_64 as install for imsettings-0.108.0-3.6.el6.x86_64
[2016-11-28 21:10:57,849] DEBUG   : TSINFO: Marking libgxim-0.3.3-3.1.el6.x86_64 as install for imsettings-0.108.0-3.6.el6.x86_64
[2016-11-28 21:10:57,858] DEBUG   : TSINFO: Marking system-gnome-theme-60.0.2-1.el6.noarch as install for libgnome-2.28.0-11.el6.x86_64
[2016-11-28 21:10:57,866] DEBUG   : TSINFO: Marking system-icon-theme-6.0.0-2.el6.noarch as install for system-gnome-theme-60.0.2-1.el6.noarch
[2016-11-28 21:10:57,867] DEBUG   : TSINFO: Marking dmz-cursor-themes-0.4-4.el6.noarch as install for system-gnome-theme-60.0.2-1.el6.noarch
[2016-11-28 21:10:57,870] DEBUG   : TSINFO: Marking xorg-x11-server-utils-7.5-13.el6.x86_64 as install for xorg-x11-xinit-1.0.9-14.el6.x86_64
[2016-11-28 21:10:57,871] DEBUG   : TSINFO: Marking 1:xorg-x11-xauth-1.0.2-7.1.el6.x86_64 as install for xorg-x11-xinit-1.0.9-14.el6.x86_64
[2016-11-28 21:10:57,872] DEBUG   : TSINFO: Marking ConsoleKit-x11-0.4.1-3.el6.x86_64 as install for xorg-x11-xinit-1.0.9-14.el6.x86_64
[2016-11-28 21:10:57,875] DEBUG   : TSINFO: Marking gnome-themes-2.28.1-6.el6.noarch as install for system-icon-theme-6.0.0-2.el6.noarch
[2016-11-28 21:10:57,877] DEBUG   : TSINFO: Marking mcpp-2.7.2-4.1.el6.x86_64 as install for xorg-x11-server-utils-7.5-13.el6.x86_64
[2016-11-28 21:10:57,879] DEBUG   : TSINFO: Marking libXxf86misc-1.0.3-4.el6.x86_64 as install for xorg-x11-server-utils-7.5-13.el6.x86_64
[2016-11-28 21:10:57,881] DEBUG   : TSINFO: Marking libXmu-1.1.1-2.el6.x86_64 as install for xorg-x11-server-utils-7.5-13.el6.x86_64
[2016-11-28 21:10:57,882] DEBUG   : Quick matched libXmu-1.1.1-2.el6.x86_64 to require for libXmu.so.6()(64bit)
[2016-11-28 21:10:57,887] DEBUG   : TSINFO: Marking gtk2-engines-2.18.4-5.el6.centos.x86_64 as install for gnome-themes-2.28.1-6.el6.noarch
[2016-11-28 21:10:57,890] DEBUG   : TSINFO: Marking libmcpp-2.7.2-4.1.el6.x86_64 as install for mcpp-2.7.2-4.1.el6.x86_64
[2016-11-28 21:10:58,015] DEBUG   : Depsolve time: 2.290
[2016-11-28 21:18:28,685] DEBUG   : VerifyTransaction time: 6.342
