Dec 26 06:15:55 : ygh : TTY=pts/1 ; PWD=/home/ygh ; USER=root ; COMMAND=/bin/su
    -
Dec 26 06:16:09 : root : TTY=pts/1 ; PWD=/root ; USER=root ; COMMAND=/bin/su -
    oldboy
Dec 26 06:16:23 : oldboy : command not allowed ; TTY=pts/1 ; PWD=/home/oldboy ;
    USER=root ; COMMAND=/usr/sbin/groupadd
Dec 26 06:16:39 : oldboy : command not allowed ; TTY=pts/1 ; PWD=/home/oldboy ;
    USER=root ; COMMAND=/usr/bin/chage -l
Dec 26 06:18:51 : root : TTY=pts/1 ; PWD=/root ; USER=root ; COMMAND=list
Dec 26 06:19:02 : root : TTY=pts/1 ; PWD=/root ; USER=root ; COMMAND=/bin/su
    oldboy
Dec 26 06:19:07 : oldboy : TTY=pts/1 ; PWD=/root ; USER=root ; COMMAND=list
Dec 26 22:31:57 : ygh : TTY=pts/1 ; PWD=/home/ygh ; USER=root ; COMMAND=/bin/su
    -
Dec 26 23:19:34 : ygh : TTY=pts/0 ; PWD=/home/ygh ; USER=root ; COMMAND=/bin/su
    -
Dec 26 23:26:51 : ygh : TTY=pts/0 ; PWD=/home/ygh ; USER=root ; COMMAND=/bin/su
    -
Dec 26 23:46:27 : ygh : TTY=pts/0 ; PWD=/home/ygh ; USER=root ; COMMAND=/bin/su
    -
Dec 27 00:12:08 : sudo_develop : command not allowed ; TTY=pts/0 ;
    PWD=/home/sudo_develop ; USER=root ; COMMAND=/bin/su -
Dec 27 00:13:25 : t1 : command not allowed ; TTY=pts/0 ; PWD=/home/t1 ;
    USER=root ; COMMAND=/usr/bin/killall
Dec 27 00:13:54 : t1 : TTY=pts/0 ; PWD=/home/t1 ; USER=root ; COMMAND=list
Dec 27 00:16:24 : ordinary_develop : TTY=pts/0 ; PWD=/home/ordinary_develop ;
    USER=root ; COMMAND=/bin/su - t1
Dec 27 00:17:02 : ordinary_develop : TTY=pts/0 ; PWD=/home/ordinary_develop ;
    USER=root ; COMMAND=/bin/su - t2
Dec 27 00:17:20 : ordinary_develop : command not allowed ; TTY=pts/0 ;
    PWD=/home/ordinary_develop ; USER=root ; COMMAND=-
Dec 27 00:17:22 : ordinary_develop : TTY=pts/0 ; PWD=/home/ordinary_develop ;
    USER=root ; COMMAND=list
Dec 27 00:19:08 : sudo_develop : TTY=pts/0 ; PWD=/home/sudo_develop ; USER=root
    ; COMMAND=list
Dec 27 00:20:08 : ygh : TTY=pts/1 ; PWD=/home/ygh ; USER=root ; COMMAND=/bin/su
    -
Dec 27 00:35:19 : sudo_develop : command not allowed ; TTY=pts/1 ;
    PWD=/home/sudo_develop ; USER=root ; COMMAND=-
Dec 27 00:35:28 : sudo_develop : TTY=pts/1 ; PWD=/home/sudo_develop ; USER=root
    ; COMMAND=list
Dec 28 06:16:35 : ygh : TTY=pts/0 ; PWD=/home/ygh ; USER=root ; COMMAND=/bin/su
    -
Dec 24 07:44:55 : ygh : TTY=pts/0 ; PWD=/home/ygh ; USER=root ; COMMAND=/bin/su
    -
Dec 24 07:45:19 : ygh : TTY=pts/0 ; PWD=/home/ygh ; USER=root ; COMMAND=/bin/su
    -
Dec 24 08:12:20 : ygh : TTY=pts/0 ; PWD=/home/ygh ; USER=root ; COMMAND=/bin/su
    -
Dec 24 08:27:49 : ygh : TTY=pts/1 ; PWD=/home/ygh ; USER=root ; COMMAND=/bin/su
    -
Dec 24 10:01:11 : ygh : TTY=pts/2 ; PWD=/home/ygh ; USER=root ; COMMAND=/bin/su
    -
Dec 24 13:27:58 : ygh : TTY=pts/1 ; PWD=/home/ygh ; USER=root ; COMMAND=/bin/su
    -
Dec 27 14:59:04 : ygh : TTY=pts/0 ; PWD=/home/ygh ; USER=root ; COMMAND=/bin/su
    -
Dec 28 08:06:11 : ygh : TTY=pts/1 ; PWD=/home/ygh ; USER=root ; COMMAND=/bin/su
    -
Dec 28 08:34:03 : ygh : TTY=pts/1 ; PWD=/home/ygh ; USER=root ; COMMAND=/bin/su
    -
Dec 28 09:29:53 : ygh : TTY=pts/0 ; PWD=/home/ygh ; USER=root ; COMMAND=/bin/su
    -
Dec 28 13:29:40 : ygh : TTY=pts/1 ; PWD=/home/ygh ; USER=root ; COMMAND=/bin/su
    -
Dec 28 14:50:11 : ygh : TTY=pts/1 ; PWD=/home/ygh ; USER=root ; COMMAND=/bin/su
    -
Dec 28 14:50:19 : ygh : TTY=pts/2 ; PWD=/home/ygh ; USER=root ; COMMAND=/bin/su
    -
Dec 28 15:20:15 : ygh : TTY=pts/0 ; PWD=/home/ygh ; USER=root ; COMMAND=/bin/su
    -
Dec 29 11:18:57 : ygh : TTY=pts/0 ; PWD=/home/ygh ; USER=root ; COMMAND=/bin/su
    -
Dec 29 11:20:33 : ygh : TTY=pts/0 ; PWD=/home/ygh ; USER=root ; COMMAND=/bin/su
    -
Dec 30 15:03:39 : ygh : TTY=pts/0 ; PWD=/home/ygh ; USER=root ; COMMAND=/bin/su
    -
Dec 31 07:52:55 : ygh : TTY=pts/0 ; PWD=/home/ygh ; USER=root ; COMMAND=/bin/su
    -
Dec 31 08:11:59 : ygh : TTY=pts/0 ; PWD=/home/ygh ; USER=root ; COMMAND=/bin/su
    -
