/usr/sbin/prelink -av -mR
Assigned virtual address space slots for 64-bit x86-64 ELF libraries:
/lib64/ld-linux-x86-64.so.2                                  00000032b4e00000-00000032b5021188
/lib64/libaio.so.1                                           00000032b5200000-00000032b5400a80
/lib64/libc.so.6                                             00000032b5600000-00000032b5993908
/lib64/libpthread.so.0                                       00000032b5a00000-00000032b5c1c3f0
/lib64/libdl.so.2                                            00000032b5200000-00000032b5403100
/lib64/libm.so.6                                             00000032b5e00000-00000032b60830b8
/lib64/libz.so.1                                             00000032b6200000-00000032b6415210
/lib64/librt.so.1                                            00000032b6600000-00000032b6807bb0
/lib64/libselinux.so.1                                       00000032b6a00000-00000032b6c1e758
/lib64/libglib-2.0.so.0                                      00000032b6e00000-00000032b71046b8
/lib64/libdbus-1.so.3                                        00000032b7200000-00000032b7440948
/lib64/libresolv.so.2                                        00000032b7600000-00000032b7819a88
/lib64/libgthread-2.0.so.0                                   00000032b7e00000-00000032b8003cf8
/lib64/libgobject-2.0.so.0                                   00000032b7a00000-00000032b7c4b848
/lib64/libgcc_s.so.1                                         00000032b8200000-00000032b8415d58
/lib64/libgmodule-2.0.so.0                                   00000032b8600000-00000032b8802738
/usr/lib64/libstdc++.so.6                                    00000032b8a00000-00000032b8d051b8
/usr/lib64/libdbus-glib-1.so.2                               00000032b8200000-00000032b8422588
/lib64/libfreebl3.so                                         00000032b9600000-00000032b9876760
/lib64/libcom_err.so.2                                       00000032b9200000-00000032b94031b0
/lib64/libcrypt.so.1                                         00000032b8e00000-00000032b90361e0
/lib64/libk5crypto.so.3                                      00000032bb200000-00000032bb42b1a8
/lib64/libkeyutils.so.1                                      00000032ba200000-00000032ba402050
/usr/lib64/libX11.so.6                                       00000032bae00000-00000032bb13cd78
/usr/lib64/libxcb.so.1                                       00000032bbe00000-00000032bc01d668
/usr/lib64/libXau.so.6                                       00000032ba600000-00000032ba802300
/lib64/libgssapi_krb5.so.2                                   00000032b9a00000-00000032b9c437e0
/lib64/libkrb5support.so.0                                   00000032bba00000-00000032bbc0a450
/lib64/libkrb5.so.3                                          00000032bb600000-00000032bb8e5aa0
/usr/lib64/libjpeg.so.62                                     00000032b6e00000-00000032b704fb60
/lib64/libexpat.so.1                                         00000032b9e00000-00000032ba027dd0
/lib64/libtinfo.so.5                                         00000032baa00000-00000032bac21000
/usr/lib64/libfreetype.so.6                                  00000032bc600000-00000032bc89c6b0
/lib64/libplc4.so                                            00000032bbe00000-00000032bc004178
/usr/lib64/libxml2.so.2                                      00000032bde00000-00000032be151ed8
/usr/lib64/libcrypto.so.10                                   00000032bc200000-00000032bc5def38
/usr/lib64/libnss3.so                                        00000032bae00000-00000032bb13d768
/lib64/libnspr4.so                                           00000032baa00000-00000032bac3cd00
/lib64/libplds4.so                                           00000032ba600000-00000032ba803150
/lib64/libpopt.so.0                                          00000032bd600000-00000032bd808650
/usr/lib64/libpng12.so.0                                     00000032bce00000-00000032bd025738
/usr/lib64/libnssutil3.so                                    00000032b8a00000-00000032b8c2ba50
/usr/lib64/libhal.so.1                                       00000032b8a00000-00000032b8c0fc58
/lib64/libgio-2.0.so.0                                       00000032bda00000-00000032bdd10750
/lib64/libutil.so.1                                          00000032bca00000-00000032bcc02100
/lib64/libgpg-error.so.0                                     00000032bca00000-00000032bcc03058
/usr/lib64/libfontconfig.so.1                                00000032bd200000-00000032bd4359e8
/usr/lib64/libssl3.so                                        00000032bd200000-00000032bd43c410
/usr/lib64/libsmime3.so                                      00000032bc600000-00000032bc82bc60
/usr/lib64/libtiff.so.3                                      00000032b7a00000-00000032b7c63928
/lib64/libnsl.so.1                                           00000032b6e00000-00000032b7018ab0
/usr/lib64/libssl.so.10                                      00000032be200000-00000032be46a408
/lib64/libattr.so.1                                          00000032b7200000-00000032b7404160
/lib64/libuuid.so.1                                          00000032be600000-00000032be803728
/lib64/libaudit.so.1                                         00000032b8a00000-00000032b8c1b230
/usr/lib64/libORBit-2.so.0                                   00000032baa00000-00000032bac6fb88
/lib64/libgcrypt.so.11                                       00000032bde00000-00000032be074a40
/usr/lib64/libXext.so.6                                      00000032bee00000-00000032bf012d08
/usr/lib64/libavahi-common.so.3                              00000032bf200000-00000032bf40b730
/usr/lib64/libavahi-client.so.3                              00000032bf600000-00000032bf80fa80
/usr/lib64/libXrender.so.1                                   00000032bea00000-00000032bec09488
/usr/lib64/libltdl.so.7                                      00000032b8a00000-00000032b8c088a8
/usr/lib64/libelf.so.1                                       00000032b7e00000-00000032b8014140
/usr/lib64/libreport.so.0                                    00000032b7a00000-00000032b7c16c80
/lib64/libpam.so.0                                           00000032b5e00000-00000032b600d220
/usr/lib64/libXi.so.6                                        00000032bfa00000-00000032bfc0e500
/usr/lib64/libgconf-2.so.4                                   00000032bfe00000-00000032c003ed50
/lib64/libdb-4.7.so                                          00000032b8600000-00000032b8973880
/usr/lib64/libXinerama.so.1                                  00000032c1200000-00000032c1401ac8
/usr/lib64/libXrandr.so.2                                    00000032c0200000-00000032c0408ae8
/lib64/libbz2.so.1                                           00000032b9a00000-00000032b9c10050
/usr/lib64/libpangoft2-1.0.so.0                              00000032c1e00000-00000032c2029f28
/usr/lib64/libgettextlib-0.17.so                             00000032b6200000-00000032b6522698
/lib64/libblkid.so.1                                         00000032b5e00000-00000032b6020be8
/lib64/libacl.so.1                                           00000032b9200000-00000032b9407250
/usr/lib64/liblzma.so.0                                      00000032b9e00000-00000032ba020790
/usr/lib64/libogg.so.0                                       00000032b9200000-00000032b9405330
/lib64/libcap.so.2                                           00000032b8e00000-00000032b9003920
/usr/lib64/libtasn1.so.3                                     00000032bd600000-00000032bd80fd48
/usr/lib64/libpixman-1.so.0                                  00000032c2600000-00000032c2887b40
/usr/lib64/libgdk_pixbuf-2.0.so.0                            00000032c0a00000-00000032c0c1ec38
/usr/lib64/libXcursor.so.1                                   00000032c0600000-00000032c0809540
/usr/lib64/libXfixes.so.3                                    00000032c0e00000-00000032c1005318
/usr/lib64/libcairo.so.2                                     00000032c1600000-00000032c1878b78
/usr/lib64/libpango-1.0.so.0                                 00000032c1a00000-00000032c1c4ac60
/usr/lib64/libpangocairo-1.0.so.0                            00000032c2200000-00000032c240b8f0
/usr/lib64/libXdamage.so.1                                   00000032c2a00000-00000032c2c01b68
/lib64/libasound.so.2                                        00000032b6200000-00000032b64ea428
/usr/lib64/libgettextsrc-0.17.so                             00000032b6a00000-00000032b6c3cda8
/lib64/libsepol.so.1                                         00000032b6200000-00000032b643ca80
/usr/lib64/libuser.so.1                                      00000032b6200000-00000032b6418ab0
/lib64/libidn.so.11                                          00000032b7e00000-00000032b8031f48
/usr/lib64/libgnutls.so.26                                   00000032be200000-00000032be4a2bc8
/usr/lib64/libgtk-x11-2.0.so.0                               00000032c3600000-00000032c3c75a40
/usr/lib64/libbfd-2.20.51.0.2-5.36.el6.so                    00000032b5200000-00000032b54e5f38
/usr/lib64/libXcomposite.so.1                                00000032c3e00000-00000032c4001eb8
/usr/lib64/libabrt.so.0                                      00000032b7600000-00000032b78059b8
/usr/lib64/libgcj.so.10                                      00000032b8600000-00000032bb746f28
/lib64/libncursesw.so.5                                      00000032b7200000-00000032b742ec90
/usr/lib64/libsasl2.so.2                                     00000032b7200000-00000032b74197b0
/lib64/libproc-3.2.8.so                                      00000032b5a00000-00000032b5c22f98
/usr/lib64/libavahi-glib.so.1                                00000032b8e00000-00000032b90023c0
/usr/lib64/libatk-1.0.so.0                                   00000032c3200000-00000032c34206c0
/lib64/libpam_misc.so.0                                      00000032b7200000-00000032b7403110
/usr/lib64/libgdk-x11-2.0.so.0                               00000032c2e00000-00000032c30baf68
/lib64/libdb-4.3.so                                          00000032b5200000-00000032b54fdfb8
/usr/lib64/libgnomevfs-2.so.0                                00000032b9600000-00000032b986ab80
/usr/lib64/libcups.so.2                                      00000032baa00000-00000032bac4ea68
/usr/lib64/libvorbis.so.0                                    00000032b9a00000-00000032b9c2bf68
/usr/lib64/libpolkit-gobject-1.so.0                          00000032bc200000-00000032bc422978
/usr/lib64/libssh2.so.1                                      00000032bce00000-00000032bd027100
/lib64/libldap-2.4.so.2                                      00000032b8200000-00000032b844c418
/lib64/libncurses.so.5                                       00000032b6600000-00000032b6821ce8
/lib64/liblber-2.4.so.2                                      00000032bd600000-00000032bd80e528
/usr/lib64/libcupsimage.so.2                                 00000032b7e00000-00000032b80188c0
/usr/lib64/libimsettings.so.4                                00000032b8a00000-00000032b8c15ca8
/lib64/libudev.so.0                                          00000032b6e00000-00000032b700d860
/lib64/libext2fs.so.2                                        00000032b6200000-00000032b6430e40
/lib64/libdb-4.2.so                                          00000032b5200000-00000032b54edb18
/lib64/libreadline.so.6                                      00000032b7a00000-00000032b7c42a08
/usr/lib64/libSM.so.6                                        00000032c4600000-00000032c48073b8
/usr/lib64/libFLAC.so.8                                      00000032b6e00000-00000032b7039ca8
/usr/lib64/libhal-storage.so.1                               00000032b9e00000-00000032ba009bd0
/usr/lib/jvm/java-1.7.0-openjdk-1.7.0.45.x86_64/jre/bin/../lib/amd64/jli/libjli.so 00000032b5e00000-00000032b600c898
/usr/lib64/libcurl.so.4                                      00000032b8600000-00000032b88535c8
/usr/lib64/libeggdbus-1.so.0                                 00000032be600000-00000032be847cd0
/usr/lib64/libICE.so.6                                       00000032c4200000-00000032c441b4c0
/usr/lib/jvm/java-1.6.0-openjdk-1.6.0.0.x86_64/jre/bin/../lib/amd64/jli/libjli.so 00000032b5e00000-00000032b60037e8
/lib64/libdevmapper.so.1.02                                  00000032b6600000-00000032b683bda0
/lib64/libe2p.so.2                                           00000032b6600000-00000032b6806870
/usr/lib64/libgcj-tools.so.10                                00000032b6a00000-00000032b6fa5ff8
/usr/lib64/compat-openmpi-psm/lib/libotf.so.0                00000032b5200000-00000032b542e980
/usr/lib64/compat-openmpi/lib/libotf.so.0                    00000032b5200000-00000032b542e980
/usr/lib64/libvorbisenc.so.2                                 00000032b6a00000-00000032b6dd96a0
/usr/lib64/libbtparser.so.2                                  00000032b9e00000-00000032ba0106b8
/lib64/libiw.so.29                                           00000032b5200000-00000032b54077b0
/usr/lib64/libgstreamer-0.10.so.0                            00000032b8e00000-00000032b90e2978
/usr/lib64/liblua-5.1.so                                     00000032b9600000-00000032b982c700
/usr/lib64/libdw.so.1                                        00000032b6a00000-00000032b6c34f60
/lib64/libpci.so.3                                           00000032b6a00000-00000032b6c0b760
/usr/lib64/liblcms.so.1                                      00000032b5200000-00000032b54388c0
/usr/lib64/libopenjpeg.so.2                                  00000032b6600000-00000032b681d980
/usr/lib64/libgmp.so.3                                       00000032b5a00000-00000032b5c5af00
/usr/lib64/libpoppler.so.5                                   00000032b6a00000-00000032b6dda570
/usr/lib64/libsndfile.so.1                                   00000032b7200000-00000032b7463a10
/usr/lib64/compat-openmpi/lib/libopen-rte.so.2               00000032b6200000-00000032b64cb228
/usr/lib64/libXmuu.so.1                                      00000032b5a00000-00000032b5c02ef0
/usr/lib64/libORBitCosNaming-2.so.0                          00000032c4a00000-00000032c4c05fb0
/usr/lib64/librpmio.so.1                                     00000032ba200000-00000032ba42ed20
/usr/lib64/compat-openmpi-psm/lib/libopen-rte.so.2           00000032b6200000-00000032b64cb228
/usr/lib64/libusb-0.1.so.4                                   00000032b7e00000-00000032b8007af0
/usr/lib64/libbonobo-activation.so.4                         00000032c4e00000-00000032c501a900
/usr/lib64/libQtXml.so.4                                     00000032b9600000-00000032b9841fb0
/usr/lib64/libnuma.so.1                                      00000032b5200000-00000032b54089c0
/usr/lib64/libgutenprint.so.2                                00000032b8200000-00000032b843ced0
/usr/lib64/libQtCore.so.4                                    00000032bd600000-00000032bda63fd0
/usr/lib64/librpm.so.1                                       00000032bb200000-00000032bb46a388
/lib64/libpcre.so.0                                          00000032b5200000-00000032b542bd08
/usr/lib64/libbonobo-2.so.0                                  00000032c5200000-00000032c5475578
/usr/lib64/libpython2.6.so.1.0                               00000032b8200000-00000032b85a55c0
/usr/lib64/libisccfg.so.82                                   00000032b6600000-00000032b6821e08
/lib64/libdevmapper-event.so.1.02                            00000032b5e00000-00000032b6004f68
/usr/lib64/libQtGui.so.4                                     00000032c1600000-00000032c2226f28
/usr/lib64/libQtDBus.so.4                                    00000032baa00000-00000032bac70c40
/usr/lib64/libslang.so.2                                     00000032b7a00000-00000032b7d69ef8
/usr/lib64/libmagic.so.1                                     00000032b6e00000-00000032b701df08
/usr/lib64/libisc.so.83                                      00000032b8200000-00000032b8456990
/usr/lib64/liblwres.so.80                                    00000032b8a00000-00000032b8c116c8
/usr/lib64/libdns.so.81                                      00000032b7a00000-00000032b7d98848
/usr/lib64/compat-openmpi/lib/libmpi.so.1                    00000032b6200000-00000032b65795a8
/usr/lib64/libnewt.so.0.52                                   00000032b7200000-00000032b74142c8
/usr/lib64/libisccc.so.80                                    00000032b8600000-00000032b8807588
/usr/lib64/compat-openmpi-psm/lib/libmpi.so.1                00000032b6200000-00000032b65795a8
/lib64/libauparse.so.0                                       00000032b5200000-00000032b540e2b0
/usr/lib64/libtheoradec.so.1                                 00000032b6600000-00000032b680ec68
/usr/lib64/libbind9.so.80                                    00000032b6e00000-00000032b700bbb0
/usr/lib64/libieee1284.so.3                                  00000032b6a00000-00000032b6c0a710
/usr/lib64/libproxy.so.0                                     00000032bca00000-00000032bcc06eb0
/usr/lib64/libsqlite3.so.0                                   00000032b6200000-00000032b648e590
/usr/lib64/libgomp.so.1                                      00000032b6e00000-00000032b700cf80
/usr/lib64/libcroco-0.6.so.3                                 00000032b7200000-00000032b743c520
/usr/lib64/libmpfr.so.1                                      00000032b5e00000-00000032b604d560
/usr/lib64/libQtNetwork.so.4                                 00000032bca00000-00000032bccfafa0
/lib64/libnl.so.1                                            00000032b6200000-00000032b6451ec8
/usr/lib64/libexif.so.12                                     00000032b7200000-00000032b7444e68
/usr/lib64/libtar.so.1                                       00000032bea00000-00000032bec0a760
/usr/lib64/libusb-1.0.so.0                                   00000032b8e00000-00000032b900e640
/usr/lib64/libtic.so.5                                       00000032b5200000-00000032b5412888
/usr/lib64/libxmlrpc.so.3                                    00000032bf200000-00000032bf4137d0
/usr/lib64/libxmlrpc_client.so.3                             00000032bda00000-00000032bdc0a588
/usr/lib64/libnotify.so.1                                    00000032b8e00000-00000032b90087a0
/usr/lib64/librpmbuild.so.1                                  00000032b7600000-00000032b782bbd0
/usr/lib64/libcrack.so.2                                     00000032b5200000-00000032b540ca20
/usr/lib64/perl5/CORE/libperl.so                             00000032b8600000-00000032b896a6a8
/lib64/libxtables.so.4                                       00000032b5a00000-00000032b5c07b80
/usr/lib64/libfontenc.so.1                                   00000032b5200000-00000032b5406920
/usr/lib64/libgphoto2_port.so.0                              00000032b7600000-00000032b78077d0
/usr/lib64/libibus.so.2                                      00000032b8200000-00000032b8442690
/usr/lib64/libabrt_web.so.0                                  00000032bee00000-00000032bf003d70
/usr/lib64/libgphoto2.so.2                                   00000032b8200000-00000032b847dda8
/usr/lib64/libxmlrpc_util.so.3                               00000032be600000-00000032be803a48
/usr/lib64/libpcreposix.so.0                                 00000032b5a00000-00000032b5c01518
/usr/lib64/libtdb.so.1                                       00000032bf200000-00000032bf410890
/usr/lib64/libwvutils.so.4.6                                 00000032b8600000-00000032b8926ca8
/usr/lib64/libsane.so.1                                      00000032b8e00000-00000032b90264d0
/lib64/libdmraid.so.1                                        00000032b5a00000-00000032b5c35000
/usr/lib64/libcanberra-gtk.so.0                              00000032be200000-00000032be403b90
/usr/lib64/libgsf-1.so.114                                   00000032b8200000-00000032b843fab0
/usr/lib64/libpcap.so.1                                      00000032b5a00000-00000032b5c3f6e0
/usr/lib64/libgxim.so.2                                      00000032b9600000-00000032b986b158
/usr/lib64/liblzo2.so.2                                      00000032b6e00000-00000032b7020448
/usr/lib64/libv4l2.so.0                                      00000032b8600000-00000032b880a510
/usr/lib64/libxcb-aux.so.0                                   00000032bb600000-00000032bb8022e8
/usr/lib64/libXft.so.2                                       00000032b7200000-00000032b7414860
/usr/lib64/libv4lconvert.so.0                                00000032b9600000-00000032b986cd90
/usr/lib64/libgmpxx.so.4                                     00000032b6200000-00000032b6403458
/usr/lib64/libck-connector.so.0                              00000032b5200000-00000032b54026b8
/usr/lib64/libcanberra.so.0                                  00000032bb200000-00000032bb40f888
/usr/lib64/libstartup-notification-1.so.0                    00000032bba00000-00000032bbc089c0
/lib64/libparted-2.1.so.0                                    00000032b5a00000-00000032b5c7fa80
/usr/lib64/libgp11.so.0                                      00000032b8200000-00000032b841bab8
/usr/lib64/librsvg-2.so.2                                    00000032b8a00000-00000032b8c36b00
/usr/lib64/libvorbisfile.so.3                                00000032bca00000-00000032bcc06ff0
/usr/lib64/libsnappy.so.1                                    00000032b7200000-00000032b7404578
/usr/lib64/libxcb-atom.so.1                                  00000032bc200000-00000032bc403308
/usr/lib64/libtcl8.5.so                                      00000032b5a00000-00000032b5d28fe0
/usr/lib64/libimsettings-xim.so.1                            00000032b9200000-00000032b941db90
/lib64/libply.so.2                                           00000032b6200000-00000032b6415b60
/usr/lib64/libhpip.so.0                                      00000032b8600000-00000032b8827b60
/usr/lib64/libpangox-1.0.so.0                                00000032b7600000-00000032b780bf00
/usr/lib64/libXRes.so.1                                      00000032bd600000-00000032bd801688
/usr/lib64/libwvstreams.so.4.6                               00000032b6e00000-00000032b70cafe0
/usr/lib64/libsgutils2.so.2                                  00000032b5200000-00000032b5425d40
/usr/lib64/libppl.so.7                                       00000032b5200000-00000032b54b65c8
/usr/lib64/libpangoxft-1.0.so.0                              00000032b6a00000-00000032b6c07658
/usr/lib64/libgcj_bc.so.1                                    00000032b6a00000-00000032b6c00330
/usr/lib64/libwnck-1.so.22                                   00000032ba200000-00000032ba43ef58
/lib64/libfipscheck.so.1                                     00000032b5a00000-00000032b5c020c0
/usr/lib64/liblockdev.so.1                                   00000032b7e00000-00000032b80035a8
/usr/lib64/libQtSql.so.4                                     00000032bf200000-00000032bf43b868
/usr/lib64/libxcb-event.so.1                                 00000032bde00000-00000032be003810
/usr/lib64/libtheoraenc.so.1                                 00000032b5200000-00000032b542c910
/usr/lib64/libgnome-2.so.0                                   00000032c5600000-00000032c58163a0
/usr/lib64/libv4l1.so.0                                      00000032b9200000-00000032b9404ad0
/usr/lib64/libwvbase.so.4.6                                  00000032b9e00000-00000032ba088c18
/usr/lib64/libpth.so.20                                      00000032b5a00000-00000032b5c14fb8
/usr/lib64/libopcodes-2.20.51.0.2-5.36.el6.so                00000032b5a00000-00000032b5cf0ea0
/usr/lib64/libQt3Support.so.4                                00000032c2400000-00000032c28d29c8
/usr/lib64/libXxf86misc.so.1                                 00000032b5e00000-00000032b6002408
/lib64/libip4tc.so.0                                         00000032b6200000-00000032b6405f08
/usr/lib64/libpaps.so.0                                      00000032b8200000-00000032b8402e28
/usr/lib64/libXxf86vm.so.1                                   00000032b5a00000-00000032b5c04708
/lib64/libmount.so.1                                         00000032b5200000-00000032b540f988
/usr/lib64/libXfont.so.1                                     00000032b5a00000-00000032b5c34970
/usr/lib64/libXt.so.6                                        00000032b5a00000-00000032b5c64760
/usr/lib64/libgstinterfaces-0.10.so.0                        00000032bfe00000-00000032c0010b60
/usr/lib64/libgcr.so.0                                       00000032b8a00000-00000032b8c43d70
/usr/lib64/libformw.so.5                                     00000032b6a00000-00000032b6c0ff88
/usr/lib64/libfprint.so.0                                    00000032c0e00000-00000032c3ee14b8
/usr/lib64/libijs-0.35.so                                    00000032b5a00000-00000032b5c04560
/usr/lib64/libpanelw.so.5                                    00000032b7600000-00000032b7802670
/lib64/libply-splash-core.so.2                               00000032b6a00000-00000032b6c10b10
/usr/lib64/libpolkit-backend-1.so.0                          00000032b5e00000-00000032b6040fe8
/usr/lib64/libcloog.so.0                                     00000032b6c00000-00000032b6e21958
/usr/lib64/libgnomeui-2.so.0                                 00000032c5a00000-00000032c5c9d7c8
/usr/lib64/libbonoboui-2.so.0                                00000032c6a00000-00000032c6c706c0
/usr/lib64/libgstbase-0.10.so.0                              00000032c0a00000-00000032c0c3df58
/usr/lib64/libQtCLucene.so.4                                 00000032b8600000-00000032b88de7c0
/usr/lib64/libXmu.so.6                                       00000032b5e00000-00000032b60196c0
/usr/lib64/libgpm.so.2                                       00000032b6200000-00000032b64058d8
/usr/lib64/libmcpp.so.0                                      00000032b5200000-00000032b54889e0
/lib64/libss.so.2                                            00000032b6a00000-00000032b6c06380
/usr/lib64/libjasper.so.1                                    00000032b8600000-00000032b8858de8
/usr/lib64/libhpmud.so.0                                     00000032b7600000-00000032b79b88d8
/usr/lib64/libnetsnmp.so.20                                  00000032b6a00000-00000032b6cd9200
/lib64/libip6tc.so.0                                         00000032b6200000-00000032b6406630
/usr/lib64/libp11-kit.so.0                                   00000032b5e00000-00000032b601fec8
/usr/lib64/libSDL-1.2.so.0                                   00000032b6200000-00000032b649d698
/usr/lib64/libmenuw.so.5                                     00000032b6e00000-00000032b7006f40
/usr/lib64/libgnome-keyring.so.0                             00000032c5e00000-00000032c6014980
/usr/lib64/libppl_c.so.2                                     00000032b6600000-00000032b6b663e8
/usr/lib64/libgailutil.so.18                                 00000032c6600000-00000032c6806cf0
/usr/lib64/libabrt_dbus.so.0                                 00000032b5200000-00000032b5402340
/usr/lib64/libart_lgpl_2.so.2                                00000032c6200000-00000032c6418918
/usr/lib64/libutempter.so.0                                  00000032b5200000-00000032b54012a0
/usr/lib64/libasm.so.1                                       00000032b5a00000-00000032b5c06870
/usr/lib64/libgij.so.10                                      00000032b6a00000-00000032b6c02340
/usr/lib64/libphonon.so.4                                    00000032bf600000-00000032bf848e08
/usr/lib64/libQtHelp.so.4                                    00000032b7200000-00000032b747ea78
/usr/lib64/libgs.so.8                                        00000032bfa00000-00000032c051e598
/usr/lib64/libgnomecanvas-2.so.0                             00000032c6e00000-00000032c7033a40
/usr/lib64/libuniconf.so.4.6                                 00000032ba600000-00000032ba859620
/usr/lib64/libgstvideo-0.10.so.0                             00000032c2a00000-00000032c2c07848
/usr/lib64/libhunspell-1.2.so.0                              00000032b5a00000-00000032b5c40a98
/lib64/libcryptsetup.so.1                                    00000032b5e00000-00000032b60168c0
Assigned virtual address space slots for 32-bit i386 ELF libraries:
/lib/ld-linux.so.2                                           00392000-003b18f8
/lib/libc.so.6                                               003b4000-0054a9ac
